12:28:58.066 [main                     ] DEBUG Logger               - Configured Logger
12:28:58.089 [main                     ] DEBUG GameApplication      - Logging settings
Title: Terminal Coita
Version: 0.1
Width: 800
Height: 450
Fullscreen: false
Intro: false
Profiling: false
Single step:false
App Mode: DEVELOPER
Menu Key: ESCAPE
Stage Style: DECORATED
Scene Factory: class com.almasb.fxgl.app.scene.SceneFactory

12:29:03.338 [JavaFX Application Thread] DEBUG FXGLApplication      - Initializing FXGL
12:29:03.341 [JavaFX Application Thread] INFO  Engine               - FXGL-17.2 (20.08.2022 16.50) on MAC (J:17.0.7 FX:17.0.2-ea)
12:29:03.341 [JavaFX Application Thread] DEBUG Engine               - JRE Vendor Name: Oracle Corporation
12:29:03.341 [JavaFX Application Thread] DEBUG Engine               - Running on OS: Mac OS X version 14.1.1
12:29:03.341 [JavaFX Application Thread] DEBUG Engine               - Architecture: aarch64
12:29:03.341 [JavaFX Application Thread] INFO  Engine               - Source code and latest versions at: https://github.com/AlmasB/FXGL
12:29:03.341 [JavaFX Application Thread] INFO  Engine               -       Ask questions and discuss at: https://github.com/AlmasB/FXGL/discussions
12:29:03.341 [JavaFX Application Thread] INFO  Engine               -              Join the FXGL chat at: https://gitter.im/AlmasB/FXGL
12:29:03.381 [JavaFX Application Thread] DEBUG PrimaryStageWindow   - Creating a JavaFX scene
12:29:03.412 [JavaFX Application Thread] DEBUG PrimaryStageWindow   - Target settings size: 800.0 x 450.0
12:29:03.413 [JavaFX Application Thread] DEBUG PrimaryStageWindow   - Scaled scene size:    800.0 x 450.0
12:29:03.413 [JavaFX Application Thread] DEBUG PrimaryStageWindow   - Scaled ratio: (1.0, 1.0)
12:29:03.413 [JavaFX Application Thread] DEBUG PrimaryStageWindow   - Set initial scene to FXGLStartupScene
12:29:03.416 [JavaFX Application Thread] DEBUG PrimaryStageWindow   - Opening main window
12:29:03.467 [JavaFX Application Thread] DEBUG PrimaryStageWindow   - Window border size: (0.0, 28.0)
12:29:03.468 [JavaFX Application Thread] DEBUG PrimaryStageWindow   - Scaled size: 800.0 x 450.0
12:29:03.468 [JavaFX Application Thread] DEBUG PrimaryStageWindow   - Scaled ratio: (1.0, 1.0)
12:29:03.468 [JavaFX Application Thread] DEBUG PrimaryStageWindow   - Scene size: 800.0 x 450.0
12:29:03.468 [JavaFX Application Thread] DEBUG PrimaryStageWindow   - Stage size: 800.0 x 478.0
12:29:03.471 [FXGL Background Thread 1 ] DEBUG Engine               - Initializing environment variables
12:29:03.485 [FXGL Background Thread 1 ] DEBUG FXGLAssetLoaderServi - User app class for loading assets: class com.example.terminal.Main
12:29:03.485 [FXGL Background Thread 1 ] DEBUG GameApplicationServi - Applying CSS: fxgl_dark.css
12:29:03.486 [FXGL Background Thread 1 ] DEBUG FXGLAssetLoaderServi - Loading from file system: jar:file:///Users/alexpm/.m2/repository/com/github/almasb/fxgl/17.2/fxgl-17.2.jar!/fxglassets/ui/css/fxgl_dark.css
12:29:03.506 [FXGL Background Thread 1 ] DEBUG GameApplicationServi - Initializing application scenes
12:29:03.564 [FXGL Background Thread 1 ] DEBUG GameWorld            - Game world initialized
12:29:03.586 [FXGL Background Thread 1 ] DEBUG PhysicsWorld         - Physics world initialized: appHeight=450, physics.ppm=50.0
12:29:03.587 [FXGL Background Thread 1 ] DEBUG PhysicsWorld         - Using strategy: BRUTE_FORCE
12:29:03.588 [FXGL Background Thread 1 ] DEBUG GameScene            - Game scene initialized: 800x450
12:29:03.593 [FXGL Background Thread 1 ] WARN  FXGL.DefaultMenu     - FXGLDefaultMenu is not designed for resolutions < 800x600
12:29:03.593 [FXGL Background Thread 1 ] DEBUG FXGL.DefaultMenu     - createMenuBodyMainMenu()
12:29:03.600 [FXGL Background Thread 1 ] DEBUG FXGL.DefaultMenu     - createOptionsMenu()
12:29:03.605 [FXGL Background Thread 1 ] DEBUG FXGLAssetLoaderServi - Loading from file system: jar:file:///Users/alexpm/.m2/repository/com/github/almasb/fxgl/17.2/fxgl-17.2.jar!/fxglassets/textures/particles/smoke.png
12:29:03.654 [FXGL Background Thread 1 ] DEBUG FXGLAssetLoaderServi - Loading from file system: jar:file:///Users/alexpm/.m2/repository/com/github/almasb/fxgl/17.2/fxgl-17.2.jar!/fxglassets/textures/particles/trace_horizontal.png
12:29:03.670 [FXGL Background Thread 1 ] WARN  FXGL.DefaultMenu     - FXGLDefaultMenu is not designed for resolutions < 800x600
12:29:03.670 [FXGL Background Thread 1 ] DEBUG FXGL.DefaultMenu     - createMenuBodyGameMenu()
12:29:03.670 [FXGL Background Thread 1 ] DEBUG FXGL.DefaultMenu     - createOptionsMenu()
12:29:03.687 [FXGL Background Thread 1 ] DEBUG GameApplicationServi - Application scenes initialized
12:29:03.692 [FXGL Background Thread 1 ] DEBUG SystemBundleService  - Loading FXGL system data
12:29:03.694 [FXGL Background Thread 1 ] DEBUG FileSystemAccess     - Reading from: /Users/alexpm/Downloads/airport/system/fxgl.bundle
12:29:03.697 [FXGL Background Thread 1 ] DEBUG SystemBundleService  - Bundle FXGL: {}
12:29:03.697 [FXGL Background Thread 1 ] DEBUG UpdaterService       - Checking for updates
12:29:03.699 [FXGL Background Thread 4 ] DEBUG FXGLApplication      - Loading fonts
12:29:03.699 [FXGL Background Thread 4 ] DEBUG FXGLAssetLoaderServi - Loading from file system: jar:file:///Users/alexpm/.m2/repository/com/github/almasb/fxgl/17.2/fxgl-17.2.jar!/fxglassets/ui/fonts/VarelaRound-Regular.ttf
12:29:03.699 [FXGL Background Thread 1 ] DEBUG FXGLApplication      - Loading default localization
12:29:03.699 [FXGL Background Thread 1 ] DEBUG FXGLAssetLoaderServi - Loading from file system: jar:file:///Users/alexpm/.m2/repository/com/github/almasb/fxgl/17.2/fxgl-17.2.jar!/fxglassets/languages/english.lang
12:29:03.705 [FXGL Background Thread 4 ] DEBUG FXGLAssetLoaderServi - Loading from file system: jar:file:///Users/alexpm/.m2/repository/com/github/almasb/fxgl/17.2/fxgl-17.2.jar!/fxglassets/ui/fonts/Abel-Regular.ttf
12:29:03.706 [FXGL Background Thread 4 ] DEBUG FXGLAssetLoaderServi - Loading from file system: jar:file:///Users/alexpm/.m2/repository/com/github/almasb/fxgl/17.2/fxgl-17.2.jar!/fxglassets/ui/fonts/TerminalLandMono-Regular.otf
12:29:03.707 [FXGL Background Thread 1 ] INFO  FXGLApplication      - FXGL initialization took: 0.236 sec
12:29:03.707 [JavaFX Application Thread] DEBUG FXGLAssetLoaderServi - Loading from file system: jar:file:///Users/alexpm/.m2/repository/com/github/almasb/fxgl/17.2/fxgl-17.2.jar!/fxglassets/textures/fxgl_icon.png
12:29:03.708 [FXGL Background Thread 4 ] DEBUG FXGLAssetLoaderServi - Loading from file system: jar:file:///Users/alexpm/.m2/repository/com/github/almasb/fxgl/17.2/fxgl-17.2.jar!/fxglassets/ui/fonts/Courier-Prime.ttf
12:29:03.723 [JavaFX Application Thread] DEBUG FXGLAssetLoaderServi - Loading from file system: jar:file:///Users/alexpm/.m2/repository/com/github/almasb/fxgl/17.2/fxgl-17.2.jar!/fxglassets/textures/fxgl_default_cursor.png
12:29:03.727 [JavaFX Application Thread] DEBUG Input                - Registered new binding: Screenshot - CTRL+8
12:29:03.728 [JavaFX Application Thread] DEBUG Input                - Registered new binding: System info dump - CTRL+9
12:29:03.729 [JavaFX Application Thread] DEBUG Input                - Registered new binding: Restart - CTRL+R
12:29:03.729 [JavaFX Application Thread] DEBUG Input                - Registered new binding: Toggle Debug Camera - CTRL+7
12:29:03.730 [JavaFX Application Thread] DEBUG LoopRunner           - Starting loop
12:29:03.730 [JavaFX Application Thread] DEBUG LoopRunner           - Initializing JavaFX AnimationTimerLoop
12:29:03.731 [JavaFX Application Thread] DEBUG Input                - Clearing active input actions
12:29:03.734 [JavaFX Application Thread] DEBUG GameApplicationServi - Removing overlay from FXGLStartupScene and adding to FXGLMainMenuDummyScene
12:29:03.734 [JavaFX Application Thread] DEBUG PrimaryStageWindow   - FXGLStartupScene -> FXGLMainMenuDummyScene
12:29:03.734 [JavaFX Application Thread] DEBUG PrimaryStageWindow   - Push state: FXGLDefaultMenu
12:29:03.736 [JavaFX Application Thread] DEBUG Input                - Clearing active input actions
12:29:03.739 [JavaFX Application Thread] DEBUG GameApplicationServi - Removing overlay from FXGLMainMenuDummyScene and adding to FXGLDefaultMenu
12:29:03.740 [JavaFX Application Thread] DEBUG PrimaryStageWindow   - FXGLMainMenuDummyScene -> FXGLDefaultMenu
12:29:03.761 [JavaFX Application Thread] DEBUG FXGLApplication      - Registering font factories with UI factory
12:29:05.200 [FXGL Background Thread 2 ] INFO  UpdaterService       - Your current version:  17.2
12:29:05.200 [FXGL Background Thread 2 ] INFO  UpdaterService       - Latest stable version: 17.3
12:29:06.703 [FXGL Background Thread 3 ] DEBUG Engine               - Logging environment variables
12:29:06.704 [FXGL Background Thread 3 ] DEBUG Engine               - achievements: []
12:29:06.704 [FXGL Background Thread 3 ] DEBUG Engine               - actualHeight: 450.0
12:29:06.704 [FXGL Background Thread 3 ] DEBUG Engine               - actualHeightProperty: ReadOnlyDoubleProperty [value: 450.0]
12:29:06.704 [FXGL Background Thread 3 ] DEBUG Engine               - actualWidth: 800.0
12:29:06.704 [FXGL Background Thread 3 ] DEBUG Engine               - actualWidthProperty: ReadOnlyDoubleProperty [value: 800.0]
12:29:06.704 [FXGL Background Thread 3 ] DEBUG Engine               - appIcon: fxgl_icon.png
12:29:06.704 [FXGL Background Thread 3 ] DEBUG Engine               - applicationMode: DEVELOPER
12:29:06.704 [FXGL Background Thread 3 ] DEBUG Engine               - cSSList: [fxgl_dark.css]
12:29:06.704 [FXGL Background Thread 3 ] DEBUG Engine               - collisionDetectionStrategy: BRUTE_FORCE
12:29:06.704 [FXGL Background Thread 3 ] DEBUG Engine               - configClass: Optional.empty
12:29:06.704 [FXGL Background Thread 3 ] DEBUG Engine               - credits: []
12:29:06.705 [FXGL Background Thread 3 ] DEBUG Engine               - defaultCursor: CursorInfo(imageName=fxgl_default_cursor.png, hotspotX=7.0, hotspotY=6.0)
12:29:06.705 [FXGL Background Thread 3 ] DEBUG Engine               - devBBoxColorProperty: ObjectProperty [value: 0xff0000ff]
12:29:06.705 [FXGL Background Thread 3 ] DEBUG Engine               - devEnableDebugCameraProperty: BooleanProperty [value: false]
12:29:06.705 [FXGL Background Thread 3 ] DEBUG Engine               - devSensorColorProperty: ObjectProperty [value: 0xffff00ff]
12:29:06.705 [FXGL Background Thread 3 ] DEBUG Engine               - devShowBBoxProperty: BooleanProperty [value: false]
12:29:06.705 [FXGL Background Thread 3 ] DEBUG Engine               - devShowPositionProperty: BooleanProperty [value: false]
12:29:06.705 [FXGL Background Thread 3 ] DEBUG Engine               - enabledMenuItems: []
12:29:06.705 [FXGL Background Thread 3 ] DEBUG Engine               - engineServices: [class com.almasb.fxgl.app.services.FXGLAssetLoaderService, class com.almasb.fxgl.app.FXGLApplication$GameApplicationService, class com.almasb.fxgl.app.services.FXGLDialogService, class com.almasb.fxgl.app.services.IOTaskExecutorService, class com.almasb.fxgl.io.FileSystemService, class com.almasb.fxgl.localization.LocalizationService, class com.almasb.fxgl.app.services.SystemBundleService, class com.almasb.fxgl.profile.SaveLoadService, class com.almasb.fxgl.ui.FXGLUIFactoryServiceProvider, class com.almasb.fxgl.ui.FXGLDialogFactoryServiceProvider, class com.almasb.fxgl.audio.AudioPlayer, class com.almasb.fxgl.notification.impl.NotificationServiceProvider, class com.almasb.fxgl.achievement.AchievementService, class com.almasb.fxgl.cutscene.CutsceneService, class com.almasb.fxgl.minigames.MiniGameService, class com.almasb.fxgl.net.NetService, class com.almasb.fxgl.app.services.UpdaterService, class com.almasb.fxgl.dev.DevService]
12:29:06.705 [FXGL Background Thread 3 ] DEBUG Engine               - fontGame: Abel-Regular.ttf
12:29:06.705 [FXGL Background Thread 3 ] DEBUG Engine               - fontMono: TerminalLandMono-Regular.otf
12:29:06.705 [FXGL Background Thread 3 ] DEBUG Engine               - fontText: Courier-Prime.ttf
12:29:06.705 [FXGL Background Thread 3 ] DEBUG Engine               - fontUI: VarelaRound-Regular.ttf
12:29:06.705 [FXGL Background Thread 3 ] DEBUG Engine               - fullScreen: BooleanProperty [value: false]
12:29:06.705 [FXGL Background Thread 3 ] DEBUG Engine               - gameDifficulty: MEDIUM
12:29:06.705 [FXGL Background Thread 3 ] DEBUG Engine               - gameDifficultyProperty: ObjectProperty [value: MEDIUM]
12:29:06.705 [FXGL Background Thread 3 ] DEBUG Engine               - globalMusicVolume: 0.5
12:29:06.705 [FXGL Background Thread 3 ] DEBUG Engine               - globalMusicVolumeProperty: DoubleProperty [value: 0.5]
12:29:06.705 [FXGL Background Thread 3 ] DEBUG Engine               - globalSoundVolume: 0.5
12:29:06.706 [FXGL Background Thread 3 ] DEBUG Engine               - globalSoundVolumeProperty: DoubleProperty [value: 0.5]
12:29:06.706 [FXGL Background Thread 3 ] DEBUG Engine               - height: 450
12:29:06.706 [FXGL Background Thread 3 ] DEBUG Engine               - is3D: false
12:29:06.706 [FXGL Background Thread 3 ] DEBUG Engine               - isAndroid: false
12:29:06.706 [FXGL Background Thread 3 ] DEBUG Engine               - isBrowser: false
12:29:06.706 [FXGL Background Thread 3 ] DEBUG Engine               - isClickFeedbackEnabled: false
12:29:06.706 [FXGL Background Thread 3 ] DEBUG Engine               - isCloseConfirmation: false
12:29:06.706 [FXGL Background Thread 3 ] DEBUG Engine               - isDesktop: true
12:29:06.706 [FXGL Background Thread 3 ] DEBUG Engine               - isDeveloperMenuEnabled: false
12:29:06.706 [FXGL Background Thread 3 ] DEBUG Engine               - isEmbedded: false
12:29:06.706 [FXGL Background Thread 3 ] DEBUG Engine               - isEntityPreloadEnabled: true
12:29:06.706 [FXGL Background Thread 3 ] DEBUG Engine               - isExperimentalTiledLargeMap: false
12:29:06.706 [FXGL Background Thread 3 ] DEBUG Engine               - isFileSystemWriteAllowed: true
12:29:06.706 [FXGL Background Thread 3 ] DEBUG Engine               - isFullScreenAllowed: false
12:29:06.706 [FXGL Background Thread 3 ] DEBUG Engine               - isFullScreenFromStart: false
12:29:06.706 [FXGL Background Thread 3 ] DEBUG Engine               - isGameMenuEnabled: true
12:29:06.706 [FXGL Background Thread 3 ] DEBUG Engine               - isIOS: false
12:29:06.706 [FXGL Background Thread 3 ] DEBUG Engine               - isIntroEnabled: false
12:29:06.706 [FXGL Background Thread 3 ] DEBUG Engine               - isLinux: false
12:29:06.706 [FXGL Background Thread 3 ] DEBUG Engine               - isMac: true
12:29:06.706 [FXGL Background Thread 3 ] DEBUG Engine               - isMainMenuEnabled: true
12:29:06.706 [FXGL Background Thread 3 ] DEBUG Engine               - isManualResizeEnabled: false
12:29:06.706 [FXGL Background Thread 3 ] DEBUG Engine               - isMobile: false
12:29:06.706 [FXGL Background Thread 3 ] DEBUG Engine               - isNative: false
12:29:06.706 [FXGL Background Thread 3 ] DEBUG Engine               - isPauseMusicWhenMinimized: true
12:29:06.706 [FXGL Background Thread 3 ] DEBUG Engine               - isPreserveResizeRatio: false
12:29:06.706 [FXGL Background Thread 3 ] DEBUG Engine               - isProfilingEnabled: false
12:29:06.706 [FXGL Background Thread 3 ] DEBUG Engine               - isScaleAffectedOnResize: true
12:29:06.706 [FXGL Background Thread 3 ] DEBUG Engine               - isSingleStep: false
12:29:06.707 [FXGL Background Thread 3 ] DEBUG Engine               - isUserProfileEnabled: false
12:29:06.707 [FXGL Background Thread 3 ] DEBUG Engine               - isWindows: false
12:29:06.707 [FXGL Background Thread 3 ] DEBUG Engine               - language: ObjectProperty [value: ENGLISH]
12:29:06.707 [FXGL Background Thread 3 ] DEBUG Engine               - menuKey: ESCAPE
12:29:06.707 [FXGL Background Thread 3 ] DEBUG Engine               - mouseSensitivity: 0.2
12:29:06.707 [FXGL Background Thread 3 ] DEBUG Engine               - notificationViewClass: class com.almasb.fxgl.notification.view.XboxNotificationView
12:29:06.707 [FXGL Background Thread 3 ] DEBUG Engine               - pixelsPerMeter: 50.0
12:29:06.707 [FXGL Background Thread 3 ] DEBUG Engine               - platform: MAC
12:29:06.707 [FXGL Background Thread 3 ] DEBUG Engine               - prefHeightProperty: ReadOnlyDoubleProperty [value: 450.0]
12:29:06.707 [FXGL Background Thread 3 ] DEBUG Engine               - prefWidthProperty: ReadOnlyDoubleProperty [value: 800.0]
12:29:06.707 [FXGL Background Thread 3 ] DEBUG Engine               - profileDir: profiles/
12:29:06.707 [FXGL Background Thread 3 ] DEBUG Engine               - profileName: StringProperty [value: DEFAULT]
12:29:06.707 [FXGL Background Thread 3 ] DEBUG Engine               - randomSeed: -1
12:29:06.707 [FXGL Background Thread 3 ] DEBUG Engine               - runtimeInfo: RuntimeInfo(platform=MAC, version=17.2, build=20.08.2022 16.50)
12:29:06.707 [FXGL Background Thread 3 ] DEBUG Engine               - saveFileExt: sav
12:29:06.707 [FXGL Background Thread 3 ] DEBUG Engine               - scaledHeightProp$fxgl: DoubleProperty [bound, value: 450.0]
12:29:06.707 [FXGL Background Thread 3 ] DEBUG Engine               - scaledWidthProp$fxgl: DoubleProperty [bound, value: 800.0]
12:29:06.707 [FXGL Background Thread 3 ] DEBUG Engine               - sceneFactory: com.almasb.fxgl.app.scene.SceneFactory@5fd65292
12:29:06.707 [FXGL Background Thread 3 ] DEBUG Engine               - secondsIn24h: 60
12:29:06.707 [FXGL Background Thread 3 ] DEBUG Engine               - soundMenuBack: menu/back.wav
12:29:06.707 [FXGL Background Thread 3 ] DEBUG Engine               - soundMenuPress: menu/press.wav
12:29:06.707 [FXGL Background Thread 3 ] DEBUG Engine               - soundMenuSelect: menu/select.wav
12:29:06.707 [FXGL Background Thread 3 ] DEBUG Engine               - soundNotification: core/notification.wav
12:29:06.707 [FXGL Background Thread 3 ] DEBUG Engine               - stageStyle: DECORATED
12:29:06.707 [FXGL Background Thread 3 ] DEBUG Engine               - supportedLanguages: [ENGLISH, FRENCH, GERMAN, HUNGARIAN, RUSSIAN]
12:29:06.707 [FXGL Background Thread 3 ] DEBUG Engine               - ticksPerSecond: -1
12:29:06.708 [FXGL Background Thread 3 ] DEBUG Engine               - title: Terminal Coita
12:29:06.708 [FXGL Background Thread 3 ] DEBUG Engine               - urlGithub: https://github.com/AlmasB/FXGL
12:29:06.708 [FXGL Background Thread 3 ] DEBUG Engine               - urlLeaderboard: http://fxgl-top.herokuapp.com/
12:29:06.708 [FXGL Background Thread 3 ] DEBUG Engine               - urlPOM: https://raw.githubusercontent.com/AlmasB/FXGL/release/README.md
12:29:06.708 [FXGL Background Thread 3 ] DEBUG Engine               - userAppClass: class com.example.terminal.Main
12:29:06.708 [FXGL Background Thread 3 ] DEBUG Engine               - version: 0.1
12:29:06.708 [FXGL Background Thread 3 ] DEBUG Engine               - versionCheckDays: 7
12:29:06.708 [FXGL Background Thread 3 ] DEBUG Engine               - width: 800
12:29:06.708 [FXGL Background Thread 3 ] DEBUG Engine               - Logging services
12:29:06.708 [FXGL Background Thread 3 ] DEBUG Engine               - class com.almasb.fxgl.app.services.FXGLAssetLoaderService
12:29:06.708 [FXGL Background Thread 3 ] DEBUG Engine               - class com.almasb.fxgl.app.FXGLApplication$GameApplicationService
12:29:06.708 [FXGL Background Thread 3 ] DEBUG Engine               - class com.almasb.fxgl.app.services.FXGLDialogService
12:29:06.708 [FXGL Background Thread 3 ] DEBUG Engine               - class com.almasb.fxgl.app.services.IOTaskExecutorService
12:29:06.708 [FXGL Background Thread 3 ] DEBUG Engine               - class com.almasb.fxgl.io.FileSystemService
12:29:06.708 [FXGL Background Thread 3 ] DEBUG Engine               - class com.almasb.fxgl.localization.LocalizationService
12:29:06.708 [FXGL Background Thread 3 ] DEBUG Engine               - class com.almasb.fxgl.app.services.SystemBundleService
12:29:06.708 [FXGL Background Thread 3 ] DEBUG Engine               - class com.almasb.fxgl.profile.SaveLoadService
12:29:06.708 [FXGL Background Thread 3 ] DEBUG Engine               - class com.almasb.fxgl.ui.FXGLUIFactoryServiceProvider
12:29:06.708 [FXGL Background Thread 3 ] DEBUG Engine               - class com.almasb.fxgl.ui.FXGLDialogFactoryServiceProvider
12:29:06.708 [FXGL Background Thread 3 ] DEBUG Engine               - class com.almasb.fxgl.audio.AudioPlayer
12:29:06.708 [FXGL Background Thread 3 ] DEBUG Engine               - class com.almasb.fxgl.notification.impl.NotificationServiceProvider
12:29:06.708 [FXGL Background Thread 3 ] DEBUG Engine               - class com.almasb.fxgl.achievement.AchievementService
12:29:06.708 [FXGL Background Thread 3 ] DEBUG Engine               - class com.almasb.fxgl.cutscene.CutsceneService
12:29:06.708 [FXGL Background Thread 3 ] DEBUG Engine               - class com.almasb.fxgl.minigames.MiniGameService
12:29:06.708 [FXGL Background Thread 3 ] DEBUG Engine               - class com.almasb.fxgl.net.NetService
12:29:06.708 [FXGL Background Thread 3 ] DEBUG Engine               - class com.almasb.fxgl.app.services.UpdaterService
12:29:06.708 [FXGL Background Thread 3 ] DEBUG Engine               - class com.almasb.fxgl.dev.DevService
12:29:11.611 [JavaFX Application Thread] DEBUG Menu                 - fireNewGame()
12:29:11.611 [JavaFX Application Thread] DEBUG GameApplicationServi - Starting new game
12:29:11.612 [JavaFX Application Thread] DEBUG PrimaryStageWindow   - Pop state: FXGLDefaultMenu
12:29:11.612 [JavaFX Application Thread] DEBUG Input                - Clearing active input actions
12:29:11.613 [JavaFX Application Thread] DEBUG GameApplicationServi - Removing overlay from FXGLDefaultMenu and adding to FXGLMainMenuDummyScene
12:29:11.613 [JavaFX Application Thread] DEBUG PrimaryStageWindow   - FXGLMainMenuDummyScene <- FXGLDefaultMenu
12:29:11.613 [JavaFX Application Thread] DEBUG Input                - Clearing active input actions
12:29:11.617 [JavaFX Application Thread] DEBUG GameApplicationServi - Removing overlay from FXGLMainMenuDummyScene and adding to FXGLLoadingScene
12:29:11.617 [JavaFX Application Thread] DEBUG PrimaryStageWindow   - FXGLMainMenuDummyScene -> FXGLLoadingScene
12:29:11.618 [JavaFX Application Thread] DEBUG GameApplicationServi - Clearing previous game
12:29:11.618 [JavaFX Application Thread] DEBUG GameScene            - Clearing game scene
12:29:11.618 [JavaFX Application Thread] DEBUG GameWorld            - Clearing game world
12:29:11.618 [JavaFX Application Thread] DEBUG PhysicsWorld         - Clearing physics world
12:29:11.619 [FXGL Background Thread 2 ] DEBUG FXGLApplication      - Initializing game
12:29:11.646 [FXGL Background Thread 2 ] DEBUG FXGLAssetLoaderServi - Loading from file system: file:/Users/alexpm/Downloads/airport/target/classes/assets/textures/vendedor.png
12:29:11.649 [FXGL Background Thread 2 ] DEBUG FXGLAssetLoaderServi - Loading from file system: file:/Users/alexpm/Downloads/airport/target/classes/assets/textures/conductor.png
12:29:11.650 [FXGL Background Thread 2 ] WARN  GameWorld            - Entity is already attached to world
12:29:11.651 [FXGL Background Thread 2 ] DEBUG FXGLAssetLoaderServi - Loading from file system: file:/Users/alexpm/Downloads/airport/target/classes/assets/textures/terminalBG.jpg
12:29:11.674 [FXGL Background Thread 2 ] INFO  FXGLApplication      - Game initialization took: 0.056 sec
12:29:11.675 [JavaFX Application Thread] DEBUG Input                - Clearing active input actions
12:29:11.677 [JavaFX Application Thread] DEBUG GameApplicationServi - Removing overlay from FXGLLoadingScene and adding to GameScene
12:29:11.677 [JavaFX Application Thread] DEBUG PrimaryStageWindow   - FXGLLoadingScene -> GameScene
12:29:13.745 [JavaFX Application Thread] DEBUG FXGLAssetLoaderServi - Loading from file system: file:/Users/alexpm/Downloads/airport/target/classes/assets/textures/person.png
12:29:13.751 [JavaFX Application Thread] WARN  GameWorld            - Entity is already attached to world
12:29:14.337 [JavaFX Application Thread] WARN  GameWorld            - Entity is already attached to world
12:29:16.221 [JavaFX Application Thread] WARN  GameWorld            - Entity is already attached to world
12:29:16.345 [JavaFX Application Thread] WARN  GameWorld            - Entity is already attached to world
12:29:17.929 [JavaFX Application Thread] WARN  GameWorld            - Entity is already attached to world
12:29:18.011 [JavaFX Application Thread] WARN  GameWorld            - Entity is already attached to world
12:29:20.035 [JavaFX Application Thread] WARN  GameWorld            - Entity is already attached to world
12:29:20.237 [JavaFX Application Thread] WARN  GameWorld            - Entity is already attached to world
12:29:21.237 [JavaFX Application Thread] WARN  GameWorld            - Entity is already attached to world
12:29:23.520 [JavaFX Application Thread] WARN  GameWorld            - Entity is already attached to world
12:29:23.777 [JavaFX Application Thread] WARN  GameWorld            - Entity is already attached to world
12:29:23.894 [JavaFX Application Thread] WARN  GameWorld            - Entity is already attached to world
12:29:25.218 [JavaFX Application Thread] WARN  GameWorld            - Entity is already attached to world
12:29:26.578 [JavaFX Application Thread] WARN  GameWorld            - Entity is already attached to world
12:29:28.719 [JavaFX Application Thread] WARN  GameWorld            - Entity is already attached to world
12:29:28.762 [JavaFX Application Thread] WARN  GameWorld            - Entity is already attached to world
12:29:29.612 [JavaFX Application Thread] WARN  GameWorld            - Entity is already attached to world
12:29:29.695 [JavaFX Application Thread] WARN  GameWorld            - Entity is already attached to world
12:29:31.482 [JavaFX Application Thread] WARN  GameWorld            - Entity is already attached to world
12:29:32.169 [JavaFX Application Thread] WARN  GameWorld            - Entity is already attached to world
12:29:33.673 [JavaFX Application Thread] WARN  GameWorld            - Entity is already attached to world
12:29:34.876 [JavaFX Application Thread] WARN  GameWorld            - Entity is already attached to world
12:29:34.995 [JavaFX Application Thread] WARN  GameWorld            - Entity is already attached to world
12:29:35.640 [JavaFX Application Thread] WARN  GameWorld            - Entity is already attached to world
12:29:38.440 [JavaFX Application Thread] WARN  GameWorld            - Entity is already attached to world
12:29:38.946 [JavaFX Application Thread] WARN  GameWorld            - Entity is already attached to world
12:29:39.044 [JavaFX Application Thread] WARN  GameWorld            - Entity is already attached to world
12:29:39.531 [JavaFX Application Thread] WARN  GameWorld            - Entity is already attached to world
12:29:41.121 [JavaFX Application Thread] WARN  GameWorld            - Entity is already attached to world
12:29:41.303 [JavaFX Application Thread] WARN  GameWorld            - Entity is already attached to world
12:29:43.428 [JavaFX Application Thread] WARN  GameWorld            - Entity is already attached to world
12:29:44.146 [JavaFX Application Thread] WARN  GameWorld            - Entity is already attached to world
12:29:46.487 [JavaFX Application Thread] WARN  GameWorld            - Entity is already attached to world
12:29:46.799 [JavaFX Application Thread] WARN  GameWorld            - Entity is already attached to world
12:29:48.426 [JavaFX Application Thread] WARN  GameWorld            - Entity is already attached to world
12:29:48.791 [JavaFX Application Thread] WARN  GameWorld            - Entity is already attached to world
12:29:49.625 [JavaFX Application Thread] WARN  GameWorld            - Entity is already attached to world
12:29:51.283 [JavaFX Application Thread] WARN  GameWorld            - Entity is already attached to world
12:29:51.650 [JavaFX Application Thread] WARN  GameWorld            - Entity is already attached to world
12:29:53.181 [JavaFX Application Thread] WARN  GameWorld            - Entity is already attached to world
12:29:54.107 [JavaFX Application Thread] WARN  GameWorld            - Entity is already attached to world
12:29:54.558 [JavaFX Application Thread] WARN  GameWorld            - Entity is already attached to world
12:29:55.266 [JavaFX Application Thread] WARN  GameWorld            - Entity is already attached to world
12:29:55.491 [JavaFX Application Thread] WARN  GameWorld            - Entity is already attached to world
12:29:57.366 [JavaFX Application Thread] WARN  GameWorld            - Entity is already attached to world
12:29:58.800 [JavaFX Application Thread] WARN  GameWorld            - Entity is already attached to world
12:30:00.108 [JavaFX Application Thread] WARN  GameWorld            - Entity is already attached to world
12:30:00.216 [JavaFX Application Thread] WARN  GameWorld            - Entity is already attached to world
12:30:00.633 [JavaFX Application Thread] WARN  GameWorld            - Entity is already attached to world
12:30:02.341 [JavaFX Application Thread] WARN  GameWorld            - Entity is already attached to world
12:30:03.415 [JavaFX Application Thread] WARN  GameWorld            - Entity is already attached to world
12:30:04.578 [JavaFX Application Thread] WARN  GameWorld            - Entity is already attached to world
12:30:05.701 [JavaFX Application Thread] WARN  GameWorld            - Entity is already attached to world
12:30:05.982 [JavaFX Application Thread] WARN  GameWorld            - Entity is already attached to world
12:30:06.014 [JavaFX Application Thread] WARN  GameWorld            - Entity is already attached to world
12:30:08.037 [JavaFX Application Thread] WARN  GameWorld            - Entity is already attached to world
12:30:08.104 [JavaFX Application Thread] WARN  GameWorld            - Entity is already attached to world
12:30:10.479 [JavaFX Application Thread] WARN  GameWorld            - Entity is already attached to world
12:30:12.382 [JavaFX Application Thread] WARN  GameWorld            - Entity is already attached to world
12:30:13.133 [JavaFX Application Thread] WARN  GameWorld            - Entity is already attached to world
12:30:13.658 [JavaFX Application Thread] WARN  GameWorld            - Entity is already attached to world
12:30:14.283 [JavaFX Application Thread] WARN  GameWorld            - Entity is already attached to world
12:30:15.269 [JavaFX Application Thread] WARN  GameWorld            - Entity is already attached to world
12:30:15.589 [JavaFX Application Thread] DEBUG FXGLApplication      - Exiting FXGL
12:30:15.589 [JavaFX Application Thread] DEBUG LoopRunner           - Stopping loop
12:30:15.589 [JavaFX Application Thread] DEBUG SystemBundleService  - Saving FXGL system data
12:30:15.593 [JavaFX Application Thread] DEBUG FileSystemAccess     - Writing to: /Users/alexpm/Downloads/airport/system/fxgl.bundle
12:30:15.595 [JavaFX Application Thread] DEBUG Async                - Shutting down background threads
12:30:15.595 [JavaFX Application Thread] DEBUG PrimaryStageWindow   - Closing main window
12:30:15.603 [JavaFX Application Thread] DEBUG Logger               - Closing Logger
