12:33:55.176 [main                     ] DEBUG Logger               - Configured Logger
12:33:55.191 [main                     ] DEBUG GameApplication      - Logging settings
Title: Terminal Coita
Version: 0.1
Width: 800
Height: 450
Fullscreen: false
Intro: false
Profiling: false
Single step:false
App Mode: DEVELOPER
Menu Key: ESCAPE
Stage Style: DECORATED
Scene Factory: class com.almasb.fxgl.app.scene.SceneFactory

12:34:00.401 [JavaFX Application Thread] DEBUG FXGLApplication      - Initializing FXGL
12:34:00.404 [JavaFX Application Thread] INFO  Engine               - FXGL-17.2 (20.08.2022 16.50) on MAC (J:17.0.7 FX:17.0.2-ea)
12:34:00.404 [JavaFX Application Thread] DEBUG Engine               - JRE Vendor Name: Oracle Corporation
12:34:00.404 [JavaFX Application Thread] DEBUG Engine               - Running on OS: Mac OS X version 14.1.1
12:34:00.404 [JavaFX Application Thread] DEBUG Engine               - Architecture: aarch64
12:34:00.404 [JavaFX Application Thread] INFO  Engine               - Source code and latest versions at: https://github.com/AlmasB/FXGL
12:34:00.404 [JavaFX Application Thread] INFO  Engine               -       Ask questions and discuss at: https://github.com/AlmasB/FXGL/discussions
12:34:00.405 [JavaFX Application Thread] INFO  Engine               -              Join the FXGL chat at: https://gitter.im/AlmasB/FXGL
12:34:00.442 [JavaFX Application Thread] DEBUG PrimaryStageWindow   - Creating a JavaFX scene
12:34:00.457 [JavaFX Application Thread] DEBUG PrimaryStageWindow   - Target settings size: 800.0 x 450.0
12:34:00.457 [JavaFX Application Thread] DEBUG PrimaryStageWindow   - Scaled scene size:    800.0 x 450.0
12:34:00.457 [JavaFX Application Thread] DEBUG PrimaryStageWindow   - Scaled ratio: (1.0, 1.0)
12:34:00.458 [JavaFX Application Thread] DEBUG PrimaryStageWindow   - Set initial scene to FXGLStartupScene
12:34:00.460 [JavaFX Application Thread] DEBUG PrimaryStageWindow   - Opening main window
12:34:00.507 [JavaFX Application Thread] DEBUG PrimaryStageWindow   - Window border size: (0.0, 28.0)
12:34:00.507 [JavaFX Application Thread] DEBUG PrimaryStageWindow   - Scaled size: 800.0 x 450.0
12:34:00.507 [JavaFX Application Thread] DEBUG PrimaryStageWindow   - Scaled ratio: (1.0, 1.0)
12:34:00.507 [JavaFX Application Thread] DEBUG PrimaryStageWindow   - Scene size: 800.0 x 450.0
12:34:00.507 [JavaFX Application Thread] DEBUG PrimaryStageWindow   - Stage size: 800.0 x 478.0
12:34:00.510 [FXGL Background Thread 1 ] DEBUG Engine               - Initializing environment variables
12:34:00.524 [FXGL Background Thread 1 ] DEBUG FXGLAssetLoaderServi - User app class for loading assets: class com.example.terminal.Main
12:34:00.524 [FXGL Background Thread 1 ] DEBUG GameApplicationServi - Applying CSS: fxgl_dark.css
12:34:00.525 [FXGL Background Thread 1 ] DEBUG FXGLAssetLoaderServi - Loading from file system: jar:file:///Users/alexpm/.m2/repository/com/github/almasb/fxgl/17.2/fxgl-17.2.jar!/fxglassets/ui/css/fxgl_dark.css
12:34:00.546 [FXGL Background Thread 1 ] DEBUG GameApplicationServi - Initializing application scenes
12:34:00.583 [FXGL Background Thread 1 ] DEBUG GameWorld            - Game world initialized
12:34:00.606 [FXGL Background Thread 1 ] DEBUG PhysicsWorld         - Physics world initialized: appHeight=450, physics.ppm=50.0
12:34:00.606 [FXGL Background Thread 1 ] DEBUG PhysicsWorld         - Using strategy: BRUTE_FORCE
12:34:00.608 [FXGL Background Thread 1 ] DEBUG GameScene            - Game scene initialized: 800x450
12:34:00.613 [FXGL Background Thread 1 ] WARN  FXGL.DefaultMenu     - FXGLDefaultMenu is not designed for resolutions < 800x600
12:34:00.613 [FXGL Background Thread 1 ] DEBUG FXGL.DefaultMenu     - createMenuBodyMainMenu()
12:34:00.619 [FXGL Background Thread 1 ] DEBUG FXGL.DefaultMenu     - createOptionsMenu()
12:34:00.623 [FXGL Background Thread 1 ] DEBUG FXGLAssetLoaderServi - Loading from file system: jar:file:///Users/alexpm/.m2/repository/com/github/almasb/fxgl/17.2/fxgl-17.2.jar!/fxglassets/textures/particles/smoke.png
12:34:00.671 [FXGL Background Thread 1 ] DEBUG FXGLAssetLoaderServi - Loading from file system: jar:file:///Users/alexpm/.m2/repository/com/github/almasb/fxgl/17.2/fxgl-17.2.jar!/fxglassets/textures/particles/trace_horizontal.png
12:34:00.693 [FXGL Background Thread 1 ] WARN  FXGL.DefaultMenu     - FXGLDefaultMenu is not designed for resolutions < 800x600
12:34:00.693 [FXGL Background Thread 1 ] DEBUG FXGL.DefaultMenu     - createMenuBodyGameMenu()
12:34:00.693 [FXGL Background Thread 1 ] DEBUG FXGL.DefaultMenu     - createOptionsMenu()
12:34:00.710 [FXGL Background Thread 1 ] DEBUG GameApplicationServi - Application scenes initialized
12:34:00.714 [FXGL Background Thread 1 ] DEBUG SystemBundleService  - Loading FXGL system data
12:34:00.716 [FXGL Background Thread 1 ] DEBUG FileSystemAccess     - Reading from: /Users/alexpm/Downloads/airport/system/fxgl.bundle
12:34:00.719 [FXGL Background Thread 1 ] DEBUG SystemBundleService  - Bundle FXGL: {}
12:34:00.719 [FXGL Background Thread 1 ] DEBUG UpdaterService       - Checking for updates
12:34:00.721 [FXGL Background Thread 4 ] DEBUG FXGLApplication      - Loading fonts
12:34:00.721 [FXGL Background Thread 4 ] DEBUG FXGLAssetLoaderServi - Loading from file system: jar:file:///Users/alexpm/.m2/repository/com/github/almasb/fxgl/17.2/fxgl-17.2.jar!/fxglassets/ui/fonts/VarelaRound-Regular.ttf
12:34:00.721 [FXGL Background Thread 1 ] DEBUG FXGLApplication      - Loading default localization
12:34:00.721 [FXGL Background Thread 1 ] DEBUG FXGLAssetLoaderServi - Loading from file system: jar:file:///Users/alexpm/.m2/repository/com/github/almasb/fxgl/17.2/fxgl-17.2.jar!/fxglassets/languages/english.lang
12:34:00.727 [FXGL Background Thread 4 ] DEBUG FXGLAssetLoaderServi - Loading from file system: jar:file:///Users/alexpm/.m2/repository/com/github/almasb/fxgl/17.2/fxgl-17.2.jar!/fxglassets/ui/fonts/Abel-Regular.ttf
12:34:00.728 [FXGL Background Thread 1 ] INFO  FXGLApplication      - FXGL initialization took: 0.217 sec
12:34:00.728 [JavaFX Application Thread] DEBUG FXGLAssetLoaderServi - Loading from file system: jar:file:///Users/alexpm/.m2/repository/com/github/almasb/fxgl/17.2/fxgl-17.2.jar!/fxglassets/textures/fxgl_icon.png
12:34:00.729 [FXGL Background Thread 4 ] DEBUG FXGLAssetLoaderServi - Loading from file system: jar:file:///Users/alexpm/.m2/repository/com/github/almasb/fxgl/17.2/fxgl-17.2.jar!/fxglassets/ui/fonts/TerminalLandMono-Regular.otf
12:34:00.730 [FXGL Background Thread 4 ] DEBUG FXGLAssetLoaderServi - Loading from file system: jar:file:///Users/alexpm/.m2/repository/com/github/almasb/fxgl/17.2/fxgl-17.2.jar!/fxglassets/ui/fonts/Courier-Prime.ttf
12:34:00.752 [JavaFX Application Thread] DEBUG FXGLAssetLoaderServi - Loading from file system: jar:file:///Users/alexpm/.m2/repository/com/github/almasb/fxgl/17.2/fxgl-17.2.jar!/fxglassets/textures/fxgl_default_cursor.png
12:34:00.757 [JavaFX Application Thread] DEBUG Input                - Registered new binding: Screenshot - CTRL+8
12:34:00.757 [JavaFX Application Thread] DEBUG Input                - Registered new binding: System info dump - CTRL+9
12:34:00.757 [JavaFX Application Thread] DEBUG Input                - Registered new binding: Restart - CTRL+R
12:34:00.757 [JavaFX Application Thread] DEBUG Input                - Registered new binding: Toggle Debug Camera - CTRL+7
12:34:00.758 [JavaFX Application Thread] DEBUG LoopRunner           - Starting loop
12:34:00.758 [JavaFX Application Thread] DEBUG LoopRunner           - Initializing JavaFX AnimationTimerLoop
12:34:00.759 [JavaFX Application Thread] DEBUG Input                - Clearing active input actions
12:34:00.762 [JavaFX Application Thread] DEBUG GameApplicationServi - Removing overlay from FXGLStartupScene and adding to FXGLMainMenuDummyScene
12:34:00.762 [JavaFX Application Thread] DEBUG PrimaryStageWindow   - FXGLStartupScene -> FXGLMainMenuDummyScene
12:34:00.762 [JavaFX Application Thread] DEBUG PrimaryStageWindow   - Push state: FXGLDefaultMenu
12:34:00.764 [JavaFX Application Thread] DEBUG Input                - Clearing active input actions
12:34:00.767 [JavaFX Application Thread] DEBUG GameApplicationServi - Removing overlay from FXGLMainMenuDummyScene and adding to FXGLDefaultMenu
12:34:00.767 [JavaFX Application Thread] DEBUG PrimaryStageWindow   - FXGLMainMenuDummyScene -> FXGLDefaultMenu
12:34:00.787 [JavaFX Application Thread] DEBUG FXGLApplication      - Registering font factories with UI factory
12:34:02.724 [FXGL Background Thread 2 ] INFO  UpdaterService       - Your current version:  17.2
12:34:02.724 [FXGL Background Thread 2 ] INFO  UpdaterService       - Latest stable version: 17.3
12:34:03.726 [FXGL Background Thread 3 ] DEBUG Engine               - Logging environment variables
12:34:03.726 [FXGL Background Thread 3 ] DEBUG Engine               - achievements: []
12:34:03.726 [FXGL Background Thread 3 ] DEBUG Engine               - actualHeight: 450.0
12:34:03.726 [FXGL Background Thread 3 ] DEBUG Engine               - actualHeightProperty: ReadOnlyDoubleProperty [value: 450.0]
12:34:03.726 [FXGL Background Thread 3 ] DEBUG Engine               - actualWidth: 800.0
12:34:03.726 [FXGL Background Thread 3 ] DEBUG Engine               - actualWidthProperty: ReadOnlyDoubleProperty [value: 800.0]
12:34:03.726 [FXGL Background Thread 3 ] DEBUG Engine               - appIcon: fxgl_icon.png
12:34:03.726 [FXGL Background Thread 3 ] DEBUG Engine               - applicationMode: DEVELOPER
12:34:03.726 [FXGL Background Thread 3 ] DEBUG Engine               - cSSList: [fxgl_dark.css]
12:34:03.726 [FXGL Background Thread 3 ] DEBUG Engine               - collisionDetectionStrategy: BRUTE_FORCE
12:34:03.726 [FXGL Background Thread 3 ] DEBUG Engine               - configClass: Optional.empty
12:34:03.726 [FXGL Background Thread 3 ] DEBUG Engine               - credits: []
12:34:03.727 [FXGL Background Thread 3 ] DEBUG Engine               - defaultCursor: CursorInfo(imageName=fxgl_default_cursor.png, hotspotX=7.0, hotspotY=6.0)
12:34:03.727 [FXGL Background Thread 3 ] DEBUG Engine               - devBBoxColorProperty: ObjectProperty [value: 0xff0000ff]
12:34:03.727 [FXGL Background Thread 3 ] DEBUG Engine               - devEnableDebugCameraProperty: BooleanProperty [value: false]
12:34:03.727 [FXGL Background Thread 3 ] DEBUG Engine               - devSensorColorProperty: ObjectProperty [value: 0xffff00ff]
12:34:03.727 [FXGL Background Thread 3 ] DEBUG Engine               - devShowBBoxProperty: BooleanProperty [value: false]
12:34:03.727 [FXGL Background Thread 3 ] DEBUG Engine               - devShowPositionProperty: BooleanProperty [value: false]
12:34:03.727 [FXGL Background Thread 3 ] DEBUG Engine               - enabledMenuItems: []
12:34:03.727 [FXGL Background Thread 3 ] DEBUG Engine               - engineServices: [class com.almasb.fxgl.app.services.FXGLAssetLoaderService, class com.almasb.fxgl.app.FXGLApplication$GameApplicationService, class com.almasb.fxgl.app.services.FXGLDialogService, class com.almasb.fxgl.app.services.IOTaskExecutorService, class com.almasb.fxgl.io.FileSystemService, class com.almasb.fxgl.localization.LocalizationService, class com.almasb.fxgl.app.services.SystemBundleService, class com.almasb.fxgl.profile.SaveLoadService, class com.almasb.fxgl.ui.FXGLUIFactoryServiceProvider, class com.almasb.fxgl.ui.FXGLDialogFactoryServiceProvider, class com.almasb.fxgl.audio.AudioPlayer, class com.almasb.fxgl.notification.impl.NotificationServiceProvider, class com.almasb.fxgl.achievement.AchievementService, class com.almasb.fxgl.cutscene.CutsceneService, class com.almasb.fxgl.minigames.MiniGameService, class com.almasb.fxgl.net.NetService, class com.almasb.fxgl.app.services.UpdaterService, class com.almasb.fxgl.dev.DevService]
12:34:03.727 [FXGL Background Thread 3 ] DEBUG Engine               - fontGame: Abel-Regular.ttf
12:34:03.727 [FXGL Background Thread 3 ] DEBUG Engine               - fontMono: TerminalLandMono-Regular.otf
12:34:03.727 [FXGL Background Thread 3 ] DEBUG Engine               - fontText: Courier-Prime.ttf
12:34:03.727 [FXGL Background Thread 3 ] DEBUG Engine               - fontUI: VarelaRound-Regular.ttf
12:34:03.727 [FXGL Background Thread 3 ] DEBUG Engine               - fullScreen: BooleanProperty [value: false]
12:34:03.727 [FXGL Background Thread 3 ] DEBUG Engine               - gameDifficulty: MEDIUM
12:34:03.727 [FXGL Background Thread 3 ] DEBUG Engine               - gameDifficultyProperty: ObjectProperty [value: MEDIUM]
12:34:03.727 [FXGL Background Thread 3 ] DEBUG Engine               - globalMusicVolume: 0.5
12:34:03.727 [FXGL Background Thread 3 ] DEBUG Engine               - globalMusicVolumeProperty: DoubleProperty [value: 0.5]
12:34:03.727 [FXGL Background Thread 3 ] DEBUG Engine               - globalSoundVolume: 0.5
12:34:03.728 [FXGL Background Thread 3 ] DEBUG Engine               - globalSoundVolumeProperty: DoubleProperty [value: 0.5]
12:34:03.728 [FXGL Background Thread 3 ] DEBUG Engine               - height: 450
12:34:03.728 [FXGL Background Thread 3 ] DEBUG Engine               - is3D: false
12:34:03.728 [FXGL Background Thread 3 ] DEBUG Engine               - isAndroid: false
12:34:03.728 [FXGL Background Thread 3 ] DEBUG Engine               - isBrowser: false
12:34:03.728 [FXGL Background Thread 3 ] DEBUG Engine               - isClickFeedbackEnabled: false
12:34:03.728 [FXGL Background Thread 3 ] DEBUG Engine               - isCloseConfirmation: false
12:34:03.728 [FXGL Background Thread 3 ] DEBUG Engine               - isDesktop: true
12:34:03.728 [FXGL Background Thread 3 ] DEBUG Engine               - isDeveloperMenuEnabled: false
12:34:03.728 [FXGL Background Thread 3 ] DEBUG Engine               - isEmbedded: false
12:34:03.728 [FXGL Background Thread 3 ] DEBUG Engine               - isEntityPreloadEnabled: true
12:34:03.728 [FXGL Background Thread 3 ] DEBUG Engine               - isExperimentalTiledLargeMap: false
12:34:03.728 [FXGL Background Thread 3 ] DEBUG Engine               - isFileSystemWriteAllowed: true
12:34:03.728 [FXGL Background Thread 3 ] DEBUG Engine               - isFullScreenAllowed: false
12:34:03.728 [FXGL Background Thread 3 ] DEBUG Engine               - isFullScreenFromStart: false
12:34:03.728 [FXGL Background Thread 3 ] DEBUG Engine               - isGameMenuEnabled: true
12:34:03.728 [FXGL Background Thread 3 ] DEBUG Engine               - isIOS: false
12:34:03.728 [FXGL Background Thread 3 ] DEBUG Engine               - isIntroEnabled: false
12:34:03.728 [FXGL Background Thread 3 ] DEBUG Engine               - isLinux: false
12:34:03.728 [FXGL Background Thread 3 ] DEBUG Engine               - isMac: true
12:34:03.728 [FXGL Background Thread 3 ] DEBUG Engine               - isMainMenuEnabled: true
12:34:03.728 [FXGL Background Thread 3 ] DEBUG Engine               - isManualResizeEnabled: false
12:34:03.728 [FXGL Background Thread 3 ] DEBUG Engine               - isMobile: false
12:34:03.728 [FXGL Background Thread 3 ] DEBUG Engine               - isNative: false
12:34:03.728 [FXGL Background Thread 3 ] DEBUG Engine               - isPauseMusicWhenMinimized: true
12:34:03.728 [FXGL Background Thread 3 ] DEBUG Engine               - isPreserveResizeRatio: false
12:34:03.728 [FXGL Background Thread 3 ] DEBUG Engine               - isProfilingEnabled: false
12:34:03.728 [FXGL Background Thread 3 ] DEBUG Engine               - isScaleAffectedOnResize: true
12:34:03.728 [FXGL Background Thread 3 ] DEBUG Engine               - isSingleStep: false
12:34:03.728 [FXGL Background Thread 3 ] DEBUG Engine               - isUserProfileEnabled: false
12:34:03.729 [FXGL Background Thread 3 ] DEBUG Engine               - isWindows: false
12:34:03.729 [FXGL Background Thread 3 ] DEBUG Engine               - language: ObjectProperty [value: ENGLISH]
12:34:03.729 [FXGL Background Thread 3 ] DEBUG Engine               - menuKey: ESCAPE
12:34:03.729 [FXGL Background Thread 3 ] DEBUG Engine               - mouseSensitivity: 0.2
12:34:03.729 [FXGL Background Thread 3 ] DEBUG Engine               - notificationViewClass: class com.almasb.fxgl.notification.view.XboxNotificationView
12:34:03.729 [FXGL Background Thread 3 ] DEBUG Engine               - pixelsPerMeter: 50.0
12:34:03.729 [FXGL Background Thread 3 ] DEBUG Engine               - platform: MAC
12:34:03.729 [FXGL Background Thread 3 ] DEBUG Engine               - prefHeightProperty: ReadOnlyDoubleProperty [value: 450.0]
12:34:03.729 [FXGL Background Thread 3 ] DEBUG Engine               - prefWidthProperty: ReadOnlyDoubleProperty [value: 800.0]
12:34:03.729 [FXGL Background Thread 3 ] DEBUG Engine               - profileDir: profiles/
12:34:03.729 [FXGL Background Thread 3 ] DEBUG Engine               - profileName: StringProperty [value: DEFAULT]
12:34:03.729 [FXGL Background Thread 3 ] DEBUG Engine               - randomSeed: -1
12:34:03.729 [FXGL Background Thread 3 ] DEBUG Engine               - runtimeInfo: RuntimeInfo(platform=MAC, version=17.2, build=20.08.2022 16.50)
12:34:03.729 [FXGL Background Thread 3 ] DEBUG Engine               - saveFileExt: sav
12:34:03.729 [FXGL Background Thread 3 ] DEBUG Engine               - scaledHeightProp$fxgl: DoubleProperty [bound, value: 450.0]
12:34:03.729 [FXGL Background Thread 3 ] DEBUG Engine               - scaledWidthProp$fxgl: DoubleProperty [bound, value: 800.0]
12:34:03.729 [FXGL Background Thread 3 ] DEBUG Engine               - sceneFactory: com.almasb.fxgl.app.scene.SceneFactory@58036f69
12:34:03.729 [FXGL Background Thread 3 ] DEBUG Engine               - secondsIn24h: 60
12:34:03.729 [FXGL Background Thread 3 ] DEBUG Engine               - soundMenuBack: menu/back.wav
12:34:03.729 [FXGL Background Thread 3 ] DEBUG Engine               - soundMenuPress: menu/press.wav
12:34:03.729 [FXGL Background Thread 3 ] DEBUG Engine               - soundMenuSelect: menu/select.wav
12:34:03.729 [FXGL Background Thread 3 ] DEBUG Engine               - soundNotification: core/notification.wav
12:34:03.729 [FXGL Background Thread 3 ] DEBUG Engine               - stageStyle: DECORATED
12:34:03.729 [FXGL Background Thread 3 ] DEBUG Engine               - supportedLanguages: [ENGLISH, FRENCH, GERMAN, HUNGARIAN, RUSSIAN]
12:34:03.729 [FXGL Background Thread 3 ] DEBUG Engine               - ticksPerSecond: -1
12:34:03.729 [FXGL Background Thread 3 ] DEBUG Engine               - title: Terminal Coita
12:34:03.729 [FXGL Background Thread 3 ] DEBUG Engine               - urlGithub: https://github.com/AlmasB/FXGL
12:34:03.729 [FXGL Background Thread 3 ] DEBUG Engine               - urlLeaderboard: http://fxgl-top.herokuapp.com/
12:34:03.729 [FXGL Background Thread 3 ] DEBUG Engine               - urlPOM: https://raw.githubusercontent.com/AlmasB/FXGL/release/README.md
12:34:03.730 [FXGL Background Thread 3 ] DEBUG Engine               - userAppClass: class com.example.terminal.Main
12:34:03.730 [FXGL Background Thread 3 ] DEBUG Engine               - version: 0.1
12:34:03.730 [FXGL Background Thread 3 ] DEBUG Engine               - versionCheckDays: 7
12:34:03.730 [FXGL Background Thread 3 ] DEBUG Engine               - width: 800
12:34:03.730 [FXGL Background Thread 3 ] DEBUG Engine               - Logging services
12:34:03.730 [FXGL Background Thread 3 ] DEBUG Engine               - class com.almasb.fxgl.app.services.FXGLAssetLoaderService
12:34:03.730 [FXGL Background Thread 3 ] DEBUG Engine               - class com.almasb.fxgl.app.FXGLApplication$GameApplicationService
12:34:03.730 [FXGL Background Thread 3 ] DEBUG Engine               - class com.almasb.fxgl.app.services.FXGLDialogService
12:34:03.730 [FXGL Background Thread 3 ] DEBUG Engine               - class com.almasb.fxgl.app.services.IOTaskExecutorService
12:34:03.730 [FXGL Background Thread 3 ] DEBUG Engine               - class com.almasb.fxgl.io.FileSystemService
12:34:03.730 [FXGL Background Thread 3 ] DEBUG Engine               - class com.almasb.fxgl.localization.LocalizationService
12:34:03.730 [FXGL Background Thread 3 ] DEBUG Engine               - class com.almasb.fxgl.app.services.SystemBundleService
12:34:03.730 [FXGL Background Thread 3 ] DEBUG Engine               - class com.almasb.fxgl.profile.SaveLoadService
12:34:03.730 [FXGL Background Thread 3 ] DEBUG Engine               - class com.almasb.fxgl.ui.FXGLUIFactoryServiceProvider
12:34:03.730 [FXGL Background Thread 3 ] DEBUG Engine               - class com.almasb.fxgl.ui.FXGLDialogFactoryServiceProvider
12:34:03.730 [FXGL Background Thread 3 ] DEBUG Engine               - class com.almasb.fxgl.audio.AudioPlayer
12:34:03.730 [FXGL Background Thread 3 ] DEBUG Engine               - class com.almasb.fxgl.notification.impl.NotificationServiceProvider
12:34:03.730 [FXGL Background Thread 3 ] DEBUG Engine               - class com.almasb.fxgl.achievement.AchievementService
12:34:03.730 [FXGL Background Thread 3 ] DEBUG Engine               - class com.almasb.fxgl.cutscene.CutsceneService
12:34:03.730 [FXGL Background Thread 3 ] DEBUG Engine               - class com.almasb.fxgl.minigames.MiniGameService
12:34:03.730 [FXGL Background Thread 3 ] DEBUG Engine               - class com.almasb.fxgl.net.NetService
12:34:03.730 [FXGL Background Thread 3 ] DEBUG Engine               - class com.almasb.fxgl.app.services.UpdaterService
12:34:03.730 [FXGL Background Thread 3 ] DEBUG Engine               - class com.almasb.fxgl.dev.DevService
12:34:09.147 [JavaFX Application Thread] DEBUG Menu                 - fireExit()
12:34:09.149 [JavaFX Application Thread] DEBUG PrimaryStageWindow   - Push state: DialogSubScene
12:34:09.149 [JavaFX Application Thread] DEBUG Input                - Clearing active input actions
12:34:09.149 [JavaFX Application Thread] DEBUG GameApplicationServi - Removing overlay from FXGLDefaultMenu and adding to DialogSubScene
12:34:09.149 [JavaFX Application Thread] DEBUG PrimaryStageWindow   - FXGLDefaultMenu -> DialogSubScene
12:34:09.991 [JavaFX Application Thread] DEBUG PrimaryStageWindow   - Pop state: DialogSubScene
12:34:09.992 [JavaFX Application Thread] DEBUG Input                - Clearing active input actions
12:34:09.993 [JavaFX Application Thread] DEBUG GameApplicationServi - Removing overlay from DialogSubScene and adding to FXGLDefaultMenu
12:34:09.993 [JavaFX Application Thread] DEBUG PrimaryStageWindow   - FXGLDefaultMenu <- DialogSubScene
12:34:09.993 [JavaFX Application Thread] DEBUG FXGLApplication      - Exiting FXGL
12:34:09.993 [JavaFX Application Thread] DEBUG LoopRunner           - Stopping loop
12:34:09.994 [JavaFX Application Thread] DEBUG SystemBundleService  - Saving FXGL system data
12:34:09.996 [JavaFX Application Thread] DEBUG FileSystemAccess     - Writing to: /Users/alexpm/Downloads/airport/system/fxgl.bundle
12:34:09.999 [JavaFX Application Thread] DEBUG Async                - Shutting down background threads
12:34:09.999 [JavaFX Application Thread] DEBUG PrimaryStageWindow   - Closing main window
12:34:10.008 [JavaFX Application Thread] DEBUG Logger               - Closing Logger
