22:09:50.264 [main                     ] DEBUG Logger               - Configured Logger
22:09:50.279 [main                     ] DEBUG GameApplication      - Logging settings
Title: Terminal Coita
Version: 0.1
Width: 800
Height: 450
Fullscreen: false
Intro: false
Profiling: false
Single step:false
App Mode: DEVELOPER
Menu Key: ESCAPE
Stage Style: DECORATED
Scene Factory: class com.almasb.fxgl.app.scene.SceneFactory

22:09:55.502 [JavaFX Application Thread] DEBUG FXGLApplication      - Initializing FXGL
22:09:55.505 [JavaFX Application Thread] INFO  Engine               - FXGL-17.2 (20.08.2022 16.50) on MAC (J:17.0.7 FX:17.0.2-ea)
22:09:55.505 [JavaFX Application Thread] DEBUG Engine               - JRE Vendor Name: Oracle Corporation
22:09:55.506 [JavaFX Application Thread] DEBUG Engine               - Running on OS: Mac OS X version 14.1.1
22:09:55.506 [JavaFX Application Thread] DEBUG Engine               - Architecture: aarch64
22:09:55.506 [JavaFX Application Thread] INFO  Engine               - Source code and latest versions at: https://github.com/AlmasB/FXGL
22:09:55.506 [JavaFX Application Thread] INFO  Engine               -       Ask questions and discuss at: https://github.com/AlmasB/FXGL/discussions
22:09:55.506 [JavaFX Application Thread] INFO  Engine               -              Join the FXGL chat at: https://gitter.im/AlmasB/FXGL
22:09:55.551 [JavaFX Application Thread] DEBUG PrimaryStageWindow   - Creating a JavaFX scene
22:09:55.569 [JavaFX Application Thread] DEBUG PrimaryStageWindow   - Target settings size: 800.0 x 450.0
22:09:55.569 [JavaFX Application Thread] DEBUG PrimaryStageWindow   - Scaled scene size:    800.0 x 450.0
22:09:55.569 [JavaFX Application Thread] DEBUG PrimaryStageWindow   - Scaled ratio: (1.0, 1.0)
22:09:55.570 [JavaFX Application Thread] DEBUG PrimaryStageWindow   - Set initial scene to FXGLStartupScene
22:09:55.573 [JavaFX Application Thread] DEBUG PrimaryStageWindow   - Opening main window
22:09:55.627 [JavaFX Application Thread] DEBUG PrimaryStageWindow   - Window border size: (0.0, 28.0)
22:09:55.628 [JavaFX Application Thread] DEBUG PrimaryStageWindow   - Scaled size: 800.0 x 450.0
22:09:55.628 [JavaFX Application Thread] DEBUG PrimaryStageWindow   - Scaled ratio: (1.0, 1.0)
22:09:55.628 [JavaFX Application Thread] DEBUG PrimaryStageWindow   - Scene size: 800.0 x 450.0
22:09:55.628 [JavaFX Application Thread] DEBUG PrimaryStageWindow   - Stage size: 800.0 x 478.0
22:09:55.631 [FXGL Background Thread 1 ] DEBUG Engine               - Initializing environment variables
22:09:55.645 [FXGL Background Thread 1 ] DEBUG FXGLAssetLoaderServi - User app class for loading assets: class com.example.terminal.Main
22:09:55.645 [FXGL Background Thread 1 ] DEBUG GameApplicationServi - Applying CSS: fxgl_dark.css
22:09:55.646 [FXGL Background Thread 1 ] DEBUG FXGLAssetLoaderServi - Loading from file system: jar:file:///Users/alexpm/.m2/repository/com/github/almasb/fxgl/17.2/fxgl-17.2.jar!/fxglassets/ui/css/fxgl_dark.css
22:09:55.667 [FXGL Background Thread 1 ] DEBUG GameApplicationServi - Initializing application scenes
22:09:55.716 [FXGL Background Thread 1 ] DEBUG GameWorld            - Game world initialized
22:09:55.739 [FXGL Background Thread 1 ] DEBUG PhysicsWorld         - Physics world initialized: appHeight=450, physics.ppm=50.0
22:09:55.739 [FXGL Background Thread 1 ] DEBUG PhysicsWorld         - Using strategy: BRUTE_FORCE
22:09:55.741 [FXGL Background Thread 1 ] DEBUG GameScene            - Game scene initialized: 800x450
22:09:55.746 [FXGL Background Thread 1 ] WARN  FXGL.DefaultMenu     - FXGLDefaultMenu is not designed for resolutions < 800x600
22:09:55.746 [FXGL Background Thread 1 ] DEBUG FXGL.DefaultMenu     - createMenuBodyGameMenu()
22:09:55.753 [FXGL Background Thread 1 ] DEBUG FXGL.DefaultMenu     - createOptionsMenu()
22:09:55.758 [FXGL Background Thread 1 ] DEBUG FXGLAssetLoaderServi - Loading from file system: jar:file:///Users/alexpm/.m2/repository/com/github/almasb/fxgl/17.2/fxgl-17.2.jar!/fxglassets/textures/particles/smoke.png
22:09:55.809 [FXGL Background Thread 1 ] DEBUG FXGLAssetLoaderServi - Loading from file system: jar:file:///Users/alexpm/.m2/repository/com/github/almasb/fxgl/17.2/fxgl-17.2.jar!/fxglassets/textures/particles/trace_horizontal.png
22:09:55.825 [FXGL Background Thread 1 ] DEBUG GameApplicationServi - Application scenes initialized
22:09:55.830 [FXGL Background Thread 1 ] DEBUG SystemBundleService  - Loading FXGL system data
22:09:55.832 [FXGL Background Thread 1 ] DEBUG FileSystemAccess     - Reading from: /Users/alexpm/Downloads/airport/system/fxgl.bundle
22:09:55.835 [FXGL Background Thread 1 ] DEBUG SystemBundleService  - Bundle FXGL: {}
22:09:55.835 [FXGL Background Thread 1 ] DEBUG UpdaterService       - Checking for updates
22:09:55.837 [FXGL Background Thread 4 ] DEBUG FXGLApplication      - Loading fonts
22:09:55.837 [FXGL Background Thread 4 ] DEBUG FXGLAssetLoaderServi - Loading from file system: jar:file:///Users/alexpm/.m2/repository/com/github/almasb/fxgl/17.2/fxgl-17.2.jar!/fxglassets/ui/fonts/VarelaRound-Regular.ttf
22:09:55.837 [FXGL Background Thread 1 ] DEBUG FXGLApplication      - Loading default localization
22:09:55.838 [FXGL Background Thread 1 ] DEBUG FXGLAssetLoaderServi - Loading from file system: jar:file:///Users/alexpm/.m2/repository/com/github/almasb/fxgl/17.2/fxgl-17.2.jar!/fxglassets/languages/english.lang
22:09:55.845 [FXGL Background Thread 4 ] DEBUG FXGLAssetLoaderServi - Loading from file system: jar:file:///Users/alexpm/.m2/repository/com/github/almasb/fxgl/17.2/fxgl-17.2.jar!/fxglassets/ui/fonts/Abel-Regular.ttf
22:09:55.846 [FXGL Background Thread 1 ] INFO  FXGLApplication      - FXGL initialization took: 0.215 sec
22:09:55.846 [FXGL Background Thread 4 ] DEBUG FXGLAssetLoaderServi - Loading from file system: jar:file:///Users/alexpm/.m2/repository/com/github/almasb/fxgl/17.2/fxgl-17.2.jar!/fxglassets/ui/fonts/TerminalLandMono-Regular.otf
22:09:55.846 [JavaFX Application Thread] DEBUG FXGLAssetLoaderServi - Loading from file system: jar:file:///Users/alexpm/.m2/repository/com/github/almasb/fxgl/17.2/fxgl-17.2.jar!/fxglassets/textures/fxgl_icon.png
22:09:55.853 [FXGL Background Thread 4 ] DEBUG FXGLAssetLoaderServi - Loading from file system: jar:file:///Users/alexpm/.m2/repository/com/github/almasb/fxgl/17.2/fxgl-17.2.jar!/fxglassets/ui/fonts/Courier-Prime.ttf
22:09:55.866 [JavaFX Application Thread] DEBUG FXGLAssetLoaderServi - Loading from file system: jar:file:///Users/alexpm/.m2/repository/com/github/almasb/fxgl/17.2/fxgl-17.2.jar!/fxglassets/textures/fxgl_default_cursor.png
22:09:55.870 [JavaFX Application Thread] DEBUG Input                - Registered new binding: Screenshot - CTRL+8
22:09:55.871 [JavaFX Application Thread] DEBUG Input                - Registered new binding: System info dump - CTRL+9
22:09:55.871 [JavaFX Application Thread] DEBUG Input                - Registered new binding: Restart - CTRL+R
22:09:55.871 [JavaFX Application Thread] DEBUG Input                - Registered new binding: Toggle Debug Camera - CTRL+7
22:09:55.872 [JavaFX Application Thread] DEBUG LoopRunner           - Starting loop
22:09:55.872 [JavaFX Application Thread] DEBUG LoopRunner           - Initializing JavaFX AnimationTimerLoop
22:09:55.873 [JavaFX Application Thread] DEBUG GameApplicationServi - Starting new game
22:09:55.873 [JavaFX Application Thread] DEBUG Input                - Clearing active input actions
22:09:55.877 [JavaFX Application Thread] DEBUG GameApplicationServi - Removing overlay from FXGLStartupScene and adding to FXGLLoadingScene
22:09:55.878 [JavaFX Application Thread] DEBUG PrimaryStageWindow   - FXGLStartupScene -> FXGLLoadingScene
22:09:55.878 [JavaFX Application Thread] DEBUG GameApplicationServi - Clearing previous game
22:09:55.878 [JavaFX Application Thread] DEBUG GameScene            - Clearing game scene
22:09:55.878 [JavaFX Application Thread] DEBUG GameWorld            - Clearing game world
22:09:55.878 [JavaFX Application Thread] DEBUG PhysicsWorld         - Clearing physics world
22:09:55.879 [FXGL Background Thread 4 ] DEBUG FXGLApplication      - Initializing game
22:09:55.901 [JavaFX Application Thread] DEBUG FXGLApplication      - Registering font factories with UI factory
22:09:55.904 [FXGL Background Thread 4 ] DEBUG FXGLAssetLoaderServi - Loading from file system: file:/Users/alexpm/Downloads/airport/target/classes/assets/textures/vendedor.png
22:09:55.909 [FXGL Background Thread 4 ] WARN  GameWorld            - Entity is already attached to world
22:09:55.910 [FXGL Background Thread 4 ] DEBUG FXGLAssetLoaderServi - Loading from file system: file:/Users/alexpm/Downloads/airport/target/classes/assets/textures/BG.jpg
22:09:55.920 [FXGL Background Thread 4 ] INFO  FXGLApplication      - Game initialization took: 0.042 sec
22:09:55.952 [JavaFX Application Thread] DEBUG Input                - Clearing active input actions
22:09:55.955 [JavaFX Application Thread] DEBUG GameApplicationServi - Removing overlay from FXGLLoadingScene and adding to GameScene
22:09:55.955 [JavaFX Application Thread] DEBUG PrimaryStageWindow   - FXGLLoadingScene -> GameScene
22:09:56.386 [FXGL Background Thread 2 ] INFO  UpdaterService       - Your current version:  17.2
22:09:56.387 [FXGL Background Thread 2 ] INFO  UpdaterService       - Latest stable version: 17.3
22:09:58.107 [JavaFX Application Thread] DEBUG FXGLAssetLoaderServi - Loading from file system: file:/Users/alexpm/Downloads/airport/target/classes/assets/textures/person.png
22:09:58.113 [JavaFX Application Thread] WARN  GameWorld            - Entity is already attached to world
22:09:58.842 [FXGL Background Thread 3 ] DEBUG Engine               - Logging environment variables
22:09:58.844 [FXGL Background Thread 3 ] DEBUG Engine               - achievements: []
22:09:58.845 [FXGL Background Thread 3 ] DEBUG Engine               - actualHeight: 450.0
22:09:58.845 [FXGL Background Thread 3 ] DEBUG Engine               - actualHeightProperty: ReadOnlyDoubleProperty [value: 450.0]
22:09:58.845 [FXGL Background Thread 3 ] DEBUG Engine               - actualWidth: 800.0
22:09:58.845 [FXGL Background Thread 3 ] DEBUG Engine               - actualWidthProperty: ReadOnlyDoubleProperty [value: 800.0]
22:09:58.845 [FXGL Background Thread 3 ] DEBUG Engine               - appIcon: fxgl_icon.png
22:09:58.845 [FXGL Background Thread 3 ] DEBUG Engine               - applicationMode: DEVELOPER
22:09:58.845 [FXGL Background Thread 3 ] DEBUG Engine               - cSSList: [fxgl_dark.css]
22:09:58.846 [FXGL Background Thread 3 ] DEBUG Engine               - collisionDetectionStrategy: BRUTE_FORCE
22:09:58.846 [FXGL Background Thread 3 ] DEBUG Engine               - configClass: Optional.empty
22:09:58.846 [FXGL Background Thread 3 ] DEBUG Engine               - credits: []
22:09:58.846 [FXGL Background Thread 3 ] DEBUG Engine               - defaultCursor: CursorInfo(imageName=fxgl_default_cursor.png, hotspotX=7.0, hotspotY=6.0)
22:09:58.847 [FXGL Background Thread 3 ] DEBUG Engine               - devBBoxColorProperty: ObjectProperty [value: 0xff0000ff]
22:09:58.847 [FXGL Background Thread 3 ] DEBUG Engine               - devEnableDebugCameraProperty: BooleanProperty [value: false]
22:09:58.847 [FXGL Background Thread 3 ] DEBUG Engine               - devSensorColorProperty: ObjectProperty [value: 0xffff00ff]
22:09:58.847 [FXGL Background Thread 3 ] DEBUG Engine               - devShowBBoxProperty: BooleanProperty [value: false]
22:09:58.847 [FXGL Background Thread 3 ] DEBUG Engine               - devShowPositionProperty: BooleanProperty [value: false]
22:09:58.847 [FXGL Background Thread 3 ] DEBUG Engine               - enabledMenuItems: []
22:09:58.847 [FXGL Background Thread 3 ] DEBUG Engine               - engineServices: [class com.almasb.fxgl.app.services.FXGLAssetLoaderService, class com.almasb.fxgl.app.FXGLApplication$GameApplicationService, class com.almasb.fxgl.app.services.FXGLDialogService, class com.almasb.fxgl.app.services.IOTaskExecutorService, class com.almasb.fxgl.io.FileSystemService, class com.almasb.fxgl.localization.LocalizationService, class com.almasb.fxgl.app.services.SystemBundleService, class com.almasb.fxgl.profile.SaveLoadService, class com.almasb.fxgl.ui.FXGLUIFactoryServiceProvider, class com.almasb.fxgl.ui.FXGLDialogFactoryServiceProvider, class com.almasb.fxgl.audio.AudioPlayer, class com.almasb.fxgl.notification.impl.NotificationServiceProvider, class com.almasb.fxgl.achievement.AchievementService, class com.almasb.fxgl.cutscene.CutsceneService, class com.almasb.fxgl.minigames.MiniGameService, class com.almasb.fxgl.net.NetService, class com.almasb.fxgl.app.services.UpdaterService, class com.almasb.fxgl.dev.DevService]
22:09:58.848 [FXGL Background Thread 3 ] DEBUG Engine               - fontGame: Abel-Regular.ttf
22:09:58.848 [FXGL Background Thread 3 ] DEBUG Engine               - fontMono: TerminalLandMono-Regular.otf
22:09:58.848 [FXGL Background Thread 3 ] DEBUG Engine               - fontText: Courier-Prime.ttf
22:09:58.848 [FXGL Background Thread 3 ] DEBUG Engine               - fontUI: VarelaRound-Regular.ttf
22:09:58.848 [FXGL Background Thread 3 ] DEBUG Engine               - fullScreen: BooleanProperty [value: false]
22:09:58.848 [FXGL Background Thread 3 ] DEBUG Engine               - gameDifficulty: MEDIUM
22:09:58.848 [FXGL Background Thread 3 ] DEBUG Engine               - gameDifficultyProperty: ObjectProperty [value: MEDIUM]
22:09:58.848 [FXGL Background Thread 3 ] DEBUG Engine               - globalMusicVolume: 0.5
22:09:58.848 [FXGL Background Thread 3 ] DEBUG Engine               - globalMusicVolumeProperty: DoubleProperty [value: 0.5]
22:09:58.848 [FXGL Background Thread 3 ] DEBUG Engine               - globalSoundVolume: 0.5
22:09:58.848 [FXGL Background Thread 3 ] DEBUG Engine               - globalSoundVolumeProperty: DoubleProperty [value: 0.5]
22:09:58.849 [FXGL Background Thread 3 ] DEBUG Engine               - height: 450
22:09:58.849 [FXGL Background Thread 3 ] DEBUG Engine               - is3D: false
22:09:58.849 [FXGL Background Thread 3 ] DEBUG Engine               - isAndroid: false
22:09:58.849 [FXGL Background Thread 3 ] DEBUG Engine               - isBrowser: false
22:09:58.849 [FXGL Background Thread 3 ] DEBUG Engine               - isClickFeedbackEnabled: false
22:09:58.849 [FXGL Background Thread 3 ] DEBUG Engine               - isCloseConfirmation: false
22:09:58.849 [FXGL Background Thread 3 ] DEBUG Engine               - isDesktop: true
22:09:58.849 [FXGL Background Thread 3 ] DEBUG Engine               - isDeveloperMenuEnabled: false
22:09:58.849 [FXGL Background Thread 3 ] DEBUG Engine               - isEmbedded: false
22:09:58.849 [FXGL Background Thread 3 ] DEBUG Engine               - isEntityPreloadEnabled: true
22:09:58.849 [FXGL Background Thread 3 ] DEBUG Engine               - isExperimentalTiledLargeMap: false
22:09:58.849 [FXGL Background Thread 3 ] DEBUG Engine               - isFileSystemWriteAllowed: true
22:09:58.849 [FXGL Background Thread 3 ] DEBUG Engine               - isFullScreenAllowed: false
22:09:58.849 [FXGL Background Thread 3 ] DEBUG Engine               - isFullScreenFromStart: false
22:09:58.849 [FXGL Background Thread 3 ] DEBUG Engine               - isGameMenuEnabled: true
22:09:58.849 [FXGL Background Thread 3 ] DEBUG Engine               - isIOS: false
22:09:58.849 [FXGL Background Thread 3 ] DEBUG Engine               - isIntroEnabled: false
22:09:58.850 [FXGL Background Thread 3 ] DEBUG Engine               - isLinux: false
22:09:58.850 [FXGL Background Thread 3 ] DEBUG Engine               - isMac: true
22:09:58.850 [FXGL Background Thread 3 ] DEBUG Engine               - isMainMenuEnabled: false
22:09:58.850 [FXGL Background Thread 3 ] DEBUG Engine               - isManualResizeEnabled: false
22:09:58.850 [FXGL Background Thread 3 ] DEBUG Engine               - isMobile: false
22:09:58.850 [FXGL Background Thread 3 ] DEBUG Engine               - isNative: false
22:09:58.850 [FXGL Background Thread 3 ] DEBUG Engine               - isPauseMusicWhenMinimized: true
22:09:58.850 [FXGL Background Thread 3 ] DEBUG Engine               - isPreserveResizeRatio: false
22:09:58.850 [FXGL Background Thread 3 ] DEBUG Engine               - isProfilingEnabled: false
22:09:58.850 [FXGL Background Thread 3 ] DEBUG Engine               - isScaleAffectedOnResize: true
22:09:58.850 [FXGL Background Thread 3 ] DEBUG Engine               - isSingleStep: false
22:09:58.851 [FXGL Background Thread 3 ] DEBUG Engine               - isUserProfileEnabled: false
22:09:58.851 [FXGL Background Thread 3 ] DEBUG Engine               - isWindows: false
22:09:58.851 [FXGL Background Thread 3 ] DEBUG Engine               - language: ObjectProperty [value: ENGLISH]
22:09:58.851 [FXGL Background Thread 3 ] DEBUG Engine               - menuKey: ESCAPE
22:09:58.851 [FXGL Background Thread 3 ] DEBUG Engine               - mouseSensitivity: 0.2
22:09:58.851 [FXGL Background Thread 3 ] DEBUG Engine               - notificationViewClass: class com.almasb.fxgl.notification.view.XboxNotificationView
22:09:58.851 [FXGL Background Thread 3 ] DEBUG Engine               - pixelsPerMeter: 50.0
22:09:58.851 [FXGL Background Thread 3 ] DEBUG Engine               - platform: MAC
22:09:58.851 [FXGL Background Thread 3 ] DEBUG Engine               - prefHeightProperty: ReadOnlyDoubleProperty [value: 450.0]
22:09:58.851 [FXGL Background Thread 3 ] DEBUG Engine               - prefWidthProperty: ReadOnlyDoubleProperty [value: 800.0]
22:09:58.851 [FXGL Background Thread 3 ] DEBUG Engine               - profileDir: profiles/
22:09:58.851 [FXGL Background Thread 3 ] DEBUG Engine               - profileName: StringProperty [value: DEFAULT]
22:09:58.851 [FXGL Background Thread 3 ] DEBUG Engine               - randomSeed: -1
22:09:58.852 [FXGL Background Thread 3 ] DEBUG Engine               - runtimeInfo: RuntimeInfo(platform=MAC, version=17.2, build=20.08.2022 16.50)
22:09:58.852 [FXGL Background Thread 3 ] DEBUG Engine               - saveFileExt: sav
22:09:58.852 [FXGL Background Thread 3 ] DEBUG Engine               - scaledHeightProp$fxgl: DoubleProperty [bound, value: 450.0]
22:09:58.852 [FXGL Background Thread 3 ] DEBUG Engine               - scaledWidthProp$fxgl: DoubleProperty [bound, value: 800.0]
22:09:58.852 [FXGL Background Thread 3 ] DEBUG Engine               - sceneFactory: com.almasb.fxgl.app.scene.SceneFactory@51b52735
22:09:58.852 [FXGL Background Thread 3 ] DEBUG Engine               - secondsIn24h: 60
22:09:58.852 [FXGL Background Thread 3 ] DEBUG Engine               - soundMenuBack: menu/back.wav
22:09:58.852 [FXGL Background Thread 3 ] DEBUG Engine               - soundMenuPress: menu/press.wav
22:09:58.852 [FXGL Background Thread 3 ] DEBUG Engine               - soundMenuSelect: menu/select.wav
22:09:58.852 [FXGL Background Thread 3 ] DEBUG Engine               - soundNotification: core/notification.wav
22:09:58.852 [FXGL Background Thread 3 ] DEBUG Engine               - stageStyle: DECORATED
22:09:58.852 [FXGL Background Thread 3 ] DEBUG Engine               - supportedLanguages: [ENGLISH, FRENCH, GERMAN, HUNGARIAN, RUSSIAN]
22:09:58.852 [FXGL Background Thread 3 ] DEBUG Engine               - ticksPerSecond: -1
22:09:58.852 [FXGL Background Thread 3 ] DEBUG Engine               - title: Terminal Coita
22:09:58.852 [FXGL Background Thread 3 ] DEBUG Engine               - urlGithub: https://github.com/AlmasB/FXGL
22:09:58.853 [FXGL Background Thread 3 ] DEBUG Engine               - urlLeaderboard: http://fxgl-top.herokuapp.com/
22:09:58.853 [FXGL Background Thread 3 ] DEBUG Engine               - urlPOM: https://raw.githubusercontent.com/AlmasB/FXGL/release/README.md
22:09:58.853 [FXGL Background Thread 3 ] DEBUG Engine               - userAppClass: class com.example.terminal.Main
22:09:58.853 [FXGL Background Thread 3 ] DEBUG Engine               - version: 0.1
22:09:58.853 [FXGL Background Thread 3 ] DEBUG Engine               - versionCheckDays: 7
22:09:58.853 [FXGL Background Thread 3 ] DEBUG Engine               - width: 800
22:09:58.853 [FXGL Background Thread 3 ] DEBUG Engine               - Logging services
22:09:58.853 [FXGL Background Thread 3 ] DEBUG Engine               - class com.almasb.fxgl.app.services.FXGLAssetLoaderService
22:09:58.853 [FXGL Background Thread 3 ] DEBUG Engine               - class com.almasb.fxgl.app.FXGLApplication$GameApplicationService
22:09:58.853 [FXGL Background Thread 3 ] DEBUG Engine               - class com.almasb.fxgl.app.services.FXGLDialogService
22:09:58.853 [FXGL Background Thread 3 ] DEBUG Engine               - class com.almasb.fxgl.app.services.IOTaskExecutorService
22:09:58.853 [FXGL Background Thread 3 ] DEBUG Engine               - class com.almasb.fxgl.io.FileSystemService
22:09:58.853 [FXGL Background Thread 3 ] DEBUG Engine               - class com.almasb.fxgl.localization.LocalizationService
22:09:58.853 [FXGL Background Thread 3 ] DEBUG Engine               - class com.almasb.fxgl.app.services.SystemBundleService
22:09:58.853 [FXGL Background Thread 3 ] DEBUG Engine               - class com.almasb.fxgl.profile.SaveLoadService
22:09:58.853 [FXGL Background Thread 3 ] DEBUG Engine               - class com.almasb.fxgl.ui.FXGLUIFactoryServiceProvider
22:09:58.853 [FXGL Background Thread 3 ] DEBUG Engine               - class com.almasb.fxgl.ui.FXGLDialogFactoryServiceProvider
22:09:58.853 [FXGL Background Thread 3 ] DEBUG Engine               - class com.almasb.fxgl.audio.AudioPlayer
22:09:58.853 [FXGL Background Thread 3 ] DEBUG Engine               - class com.almasb.fxgl.notification.impl.NotificationServiceProvider
22:09:58.853 [FXGL Background Thread 3 ] DEBUG Engine               - class com.almasb.fxgl.achievement.AchievementService
22:09:58.854 [FXGL Background Thread 3 ] DEBUG Engine               - class com.almasb.fxgl.cutscene.CutsceneService
22:09:58.854 [FXGL Background Thread 3 ] DEBUG Engine               - class com.almasb.fxgl.minigames.MiniGameService
22:09:58.854 [FXGL Background Thread 3 ] DEBUG Engine               - class com.almasb.fxgl.net.NetService
22:09:58.854 [FXGL Background Thread 3 ] DEBUG Engine               - class com.almasb.fxgl.app.services.UpdaterService
22:09:58.854 [FXGL Background Thread 3 ] DEBUG Engine               - class com.almasb.fxgl.dev.DevService
22:10:00.167 [JavaFX Application Thread] WARN  GameWorld            - Entity is already attached to world
22:10:01.073 [JavaFX Application Thread] WARN  GameWorld            - Entity is already attached to world
22:10:01.091 [JavaFX Application Thread] WARN  GameWorld            - Entity is already attached to world
22:10:01.343 [JavaFX Application Thread] WARN  GameWorld            - Entity is already attached to world
22:10:01.619 [JavaFX Application Thread] WARN  GameWorld            - Entity is already attached to world
22:10:03.733 [JavaFX Application Thread] WARN  GameWorld            - Entity is already attached to world
22:10:06.208 [JavaFX Application Thread] WARN  GameWorld            - Entity is already attached to world
22:10:06.311 [JavaFX Application Thread] WARN  GameWorld            - Entity is already attached to world
22:10:06.720 [JavaFX Application Thread] WARN  GameWorld            - Entity is already attached to world
22:10:06.783 [JavaFX Application Thread] WARN  GameWorld            - Entity is already attached to world
22:10:07.679 [JavaFX Application Thread] WARN  GameWorld            - Entity is already attached to world
22:10:09.145 [JavaFX Application Thread] WARN  GameWorld            - Entity is already attached to world
22:10:10.083 [JavaFX Application Thread] DEBUG FXGLApplication      - Exiting FXGL
22:10:10.083 [JavaFX Application Thread] DEBUG LoopRunner           - Stopping loop
22:10:10.083 [JavaFX Application Thread] DEBUG SystemBundleService  - Saving FXGL system data
22:10:10.086 [JavaFX Application Thread] DEBUG FileSystemAccess     - Writing to: /Users/alexpm/Downloads/airport/system/fxgl.bundle
22:10:10.087 [JavaFX Application Thread] DEBUG Async                - Shutting down background threads
22:10:10.087 [JavaFX Application Thread] DEBUG PrimaryStageWindow   - Closing main window
22:10:10.092 [JavaFX Application Thread] DEBUG Logger               - Closing Logger
