00:13:00.635 [main                     ] DEBUG Logger               - Configured Logger
00:13:00.650 [main                     ] DEBUG GameApplication      - Logging settings
Title: Terminal Coita
Version: 0.1
Width: 800
Height: 450
Fullscreen: false
Intro: false
Profiling: false
Single step:false
App Mode: DEVELOPER
Menu Key: ESCAPE
Stage Style: DECORATED
Scene Factory: class com.almasb.fxgl.app.scene.SceneFactory

00:13:05.881 [JavaFX Application Thread] DEBUG FXGLApplication      - Initializing FXGL
00:13:05.884 [JavaFX Application Thread] INFO  Engine               - FXGL-17.2 (20.08.2022 16.50) on MAC (J:17.0.7 FX:17.0.2-ea)
00:13:05.884 [JavaFX Application Thread] DEBUG Engine               - JRE Vendor Name: Oracle Corporation
00:13:05.884 [JavaFX Application Thread] DEBUG Engine               - Running on OS: Mac OS X version 14.1.1
00:13:05.884 [JavaFX Application Thread] DEBUG Engine               - Architecture: aarch64
00:13:05.884 [JavaFX Application Thread] INFO  Engine               - Source code and latest versions at: https://github.com/AlmasB/FXGL
00:13:05.884 [JavaFX Application Thread] INFO  Engine               -       Ask questions and discuss at: https://github.com/AlmasB/FXGL/discussions
00:13:05.884 [JavaFX Application Thread] INFO  Engine               -              Join the FXGL chat at: https://gitter.im/AlmasB/FXGL
00:13:05.926 [JavaFX Application Thread] DEBUG PrimaryStageWindow   - Creating a JavaFX scene
00:13:05.942 [JavaFX Application Thread] DEBUG PrimaryStageWindow   - Target settings size: 800.0 x 450.0
00:13:05.942 [JavaFX Application Thread] DEBUG PrimaryStageWindow   - Scaled scene size:    800.0 x 450.0
00:13:05.942 [JavaFX Application Thread] DEBUG PrimaryStageWindow   - Scaled ratio: (1.0, 1.0)
00:13:05.943 [JavaFX Application Thread] DEBUG PrimaryStageWindow   - Set initial scene to FXGLStartupScene
00:13:05.945 [JavaFX Application Thread] DEBUG PrimaryStageWindow   - Opening main window
00:13:06.012 [JavaFX Application Thread] DEBUG PrimaryStageWindow   - Window border size: (0.0, 28.0)
00:13:06.012 [JavaFX Application Thread] DEBUG PrimaryStageWindow   - Scaled size: 800.0 x 450.0
00:13:06.012 [JavaFX Application Thread] DEBUG PrimaryStageWindow   - Scaled ratio: (1.0, 1.0)
00:13:06.012 [JavaFX Application Thread] DEBUG PrimaryStageWindow   - Scene size: 800.0 x 450.0
00:13:06.012 [JavaFX Application Thread] DEBUG PrimaryStageWindow   - Stage size: 800.0 x 478.0
00:13:06.016 [FXGL Background Thread 1 ] DEBUG Engine               - Initializing environment variables
00:13:06.029 [FXGL Background Thread 1 ] DEBUG FXGLAssetLoaderServi - User app class for loading assets: class com.example.terminal.Main
00:13:06.029 [FXGL Background Thread 1 ] DEBUG GameApplicationServi - Applying CSS: fxgl_dark.css
00:13:06.030 [FXGL Background Thread 1 ] DEBUG FXGLAssetLoaderServi - Loading from file system: jar:file:///Users/alexpm/.m2/repository/com/github/almasb/fxgl/17.2/fxgl-17.2.jar!/fxglassets/ui/css/fxgl_dark.css
00:13:06.051 [FXGL Background Thread 1 ] DEBUG GameApplicationServi - Initializing application scenes
00:13:06.086 [FXGL Background Thread 1 ] DEBUG GameWorld            - Game world initialized
00:13:06.110 [FXGL Background Thread 1 ] DEBUG PhysicsWorld         - Physics world initialized: appHeight=450, physics.ppm=50.0
00:13:06.110 [FXGL Background Thread 1 ] DEBUG PhysicsWorld         - Using strategy: BRUTE_FORCE
00:13:06.112 [FXGL Background Thread 1 ] DEBUG GameScene            - Game scene initialized: 800x450
00:13:06.116 [FXGL Background Thread 1 ] WARN  FXGL.DefaultMenu     - FXGLDefaultMenu is not designed for resolutions < 800x600
00:13:06.116 [FXGL Background Thread 1 ] DEBUG FXGL.DefaultMenu     - createMenuBodyMainMenu()
00:13:06.123 [FXGL Background Thread 1 ] DEBUG FXGL.DefaultMenu     - createOptionsMenu()
00:13:06.128 [FXGL Background Thread 1 ] DEBUG FXGLAssetLoaderServi - Loading from file system: jar:file:///Users/alexpm/.m2/repository/com/github/almasb/fxgl/17.2/fxgl-17.2.jar!/fxglassets/textures/particles/smoke.png
00:13:06.180 [FXGL Background Thread 1 ] DEBUG FXGLAssetLoaderServi - Loading from file system: jar:file:///Users/alexpm/.m2/repository/com/github/almasb/fxgl/17.2/fxgl-17.2.jar!/fxglassets/textures/particles/trace_horizontal.png
00:13:06.195 [FXGL Background Thread 1 ] WARN  FXGL.DefaultMenu     - FXGLDefaultMenu is not designed for resolutions < 800x600
00:13:06.195 [FXGL Background Thread 1 ] DEBUG FXGL.DefaultMenu     - createMenuBodyGameMenu()
00:13:06.195 [FXGL Background Thread 1 ] DEBUG FXGL.DefaultMenu     - createOptionsMenu()
00:13:06.209 [FXGL Background Thread 1 ] DEBUG GameApplicationServi - Application scenes initialized
00:13:06.215 [FXGL Background Thread 1 ] DEBUG SystemBundleService  - Loading FXGL system data
00:13:06.217 [FXGL Background Thread 1 ] DEBUG FileSystemAccess     - Reading from: /Users/alexpm/Downloads/airport/system/fxgl.bundle
00:13:06.221 [FXGL Background Thread 1 ] DEBUG SystemBundleService  - Bundle FXGL: {}
00:13:06.221 [FXGL Background Thread 1 ] DEBUG UpdaterService       - Checking for updates
00:13:06.223 [FXGL Background Thread 4 ] DEBUG FXGLApplication      - Loading fonts
00:13:06.223 [FXGL Background Thread 4 ] DEBUG FXGLAssetLoaderServi - Loading from file system: jar:file:///Users/alexpm/.m2/repository/com/github/almasb/fxgl/17.2/fxgl-17.2.jar!/fxglassets/ui/fonts/VarelaRound-Regular.ttf
00:13:06.223 [FXGL Background Thread 1 ] DEBUG FXGLApplication      - Loading default localization
00:13:06.223 [FXGL Background Thread 1 ] DEBUG FXGLAssetLoaderServi - Loading from file system: jar:file:///Users/alexpm/.m2/repository/com/github/almasb/fxgl/17.2/fxgl-17.2.jar!/fxglassets/languages/english.lang
00:13:06.234 [FXGL Background Thread 4 ] DEBUG FXGLAssetLoaderServi - Loading from file system: jar:file:///Users/alexpm/.m2/repository/com/github/almasb/fxgl/17.2/fxgl-17.2.jar!/fxglassets/ui/fonts/Abel-Regular.ttf
00:13:06.235 [FXGL Background Thread 1 ] INFO  FXGLApplication      - FXGL initialization took: 0.219 sec
00:13:06.235 [FXGL Background Thread 4 ] DEBUG FXGLAssetLoaderServi - Loading from file system: jar:file:///Users/alexpm/.m2/repository/com/github/almasb/fxgl/17.2/fxgl-17.2.jar!/fxglassets/ui/fonts/TerminalLandMono-Regular.otf
00:13:06.236 [JavaFX Application Thread] DEBUG FXGLAssetLoaderServi - Loading from file system: jar:file:///Users/alexpm/.m2/repository/com/github/almasb/fxgl/17.2/fxgl-17.2.jar!/fxglassets/textures/fxgl_icon.png
00:13:06.237 [FXGL Background Thread 4 ] DEBUG FXGLAssetLoaderServi - Loading from file system: jar:file:///Users/alexpm/.m2/repository/com/github/almasb/fxgl/17.2/fxgl-17.2.jar!/fxglassets/ui/fonts/Courier-Prime.ttf
00:13:06.252 [JavaFX Application Thread] DEBUG FXGLAssetLoaderServi - Loading from file system: jar:file:///Users/alexpm/.m2/repository/com/github/almasb/fxgl/17.2/fxgl-17.2.jar!/fxglassets/textures/fxgl_default_cursor.png
00:13:06.257 [JavaFX Application Thread] DEBUG Input                - Registered new binding: Screenshot - CTRL+8
00:13:06.257 [JavaFX Application Thread] DEBUG Input                - Registered new binding: System info dump - CTRL+9
00:13:06.257 [JavaFX Application Thread] DEBUG Input                - Registered new binding: Restart - CTRL+R
00:13:06.258 [JavaFX Application Thread] DEBUG Input                - Registered new binding: Toggle Debug Camera - CTRL+7
00:13:06.258 [JavaFX Application Thread] DEBUG LoopRunner           - Starting loop
00:13:06.258 [JavaFX Application Thread] DEBUG LoopRunner           - Initializing JavaFX AnimationTimerLoop
00:13:06.259 [JavaFX Application Thread] DEBUG Input                - Clearing active input actions
00:13:06.262 [JavaFX Application Thread] DEBUG GameApplicationServi - Removing overlay from FXGLStartupScene and adding to FXGLMainMenuDummyScene
00:13:06.262 [JavaFX Application Thread] DEBUG PrimaryStageWindow   - FXGLStartupScene -> FXGLMainMenuDummyScene
00:13:06.262 [JavaFX Application Thread] DEBUG PrimaryStageWindow   - Push state: FXGLDefaultMenu
00:13:06.264 [JavaFX Application Thread] DEBUG Input                - Clearing active input actions
00:13:06.267 [JavaFX Application Thread] DEBUG GameApplicationServi - Removing overlay from FXGLMainMenuDummyScene and adding to FXGLDefaultMenu
00:13:06.267 [JavaFX Application Thread] DEBUG PrimaryStageWindow   - FXGLMainMenuDummyScene -> FXGLDefaultMenu
00:13:06.294 [JavaFX Application Thread] DEBUG FXGLApplication      - Registering font factories with UI factory
00:13:06.564 [FXGL Background Thread 2 ] INFO  UpdaterService       - Your current version:  17.2
00:13:06.564 [FXGL Background Thread 2 ] INFO  UpdaterService       - Latest stable version: 17.3
00:13:09.227 [FXGL Background Thread 3 ] DEBUG Engine               - Logging environment variables
00:13:09.228 [FXGL Background Thread 3 ] DEBUG Engine               - achievements: []
00:13:09.228 [FXGL Background Thread 3 ] DEBUG Engine               - actualHeight: 450.0
00:13:09.228 [FXGL Background Thread 3 ] DEBUG Engine               - actualHeightProperty: ReadOnlyDoubleProperty [value: 450.0]
00:13:09.228 [FXGL Background Thread 3 ] DEBUG Engine               - actualWidth: 800.0
00:13:09.228 [FXGL Background Thread 3 ] DEBUG Engine               - actualWidthProperty: ReadOnlyDoubleProperty [value: 800.0]
00:13:09.228 [FXGL Background Thread 3 ] DEBUG Engine               - appIcon: fxgl_icon.png
00:13:09.228 [FXGL Background Thread 3 ] DEBUG Engine               - applicationMode: DEVELOPER
00:13:09.228 [FXGL Background Thread 3 ] DEBUG Engine               - cSSList: [fxgl_dark.css]
00:13:09.228 [FXGL Background Thread 3 ] DEBUG Engine               - collisionDetectionStrategy: BRUTE_FORCE
00:13:09.228 [FXGL Background Thread 3 ] DEBUG Engine               - configClass: Optional.empty
00:13:09.228 [FXGL Background Thread 3 ] DEBUG Engine               - credits: []
00:13:09.228 [FXGL Background Thread 3 ] DEBUG Engine               - defaultCursor: CursorInfo(imageName=fxgl_default_cursor.png, hotspotX=7.0, hotspotY=6.0)
00:13:09.229 [FXGL Background Thread 3 ] DEBUG Engine               - devBBoxColorProperty: ObjectProperty [value: 0xff0000ff]
00:13:09.229 [FXGL Background Thread 3 ] DEBUG Engine               - devEnableDebugCameraProperty: BooleanProperty [value: false]
00:13:09.229 [FXGL Background Thread 3 ] DEBUG Engine               - devSensorColorProperty: ObjectProperty [value: 0xffff00ff]
00:13:09.229 [FXGL Background Thread 3 ] DEBUG Engine               - devShowBBoxProperty: BooleanProperty [value: false]
00:13:09.229 [FXGL Background Thread 3 ] DEBUG Engine               - devShowPositionProperty: BooleanProperty [value: false]
00:13:09.229 [FXGL Background Thread 3 ] DEBUG Engine               - enabledMenuItems: []
00:13:09.229 [FXGL Background Thread 3 ] DEBUG Engine               - engineServices: [class com.almasb.fxgl.app.services.FXGLAssetLoaderService, class com.almasb.fxgl.app.FXGLApplication$GameApplicationService, class com.almasb.fxgl.app.services.FXGLDialogService, class com.almasb.fxgl.app.services.IOTaskExecutorService, class com.almasb.fxgl.io.FileSystemService, class com.almasb.fxgl.localization.LocalizationService, class com.almasb.fxgl.app.services.SystemBundleService, class com.almasb.fxgl.profile.SaveLoadService, class com.almasb.fxgl.ui.FXGLUIFactoryServiceProvider, class com.almasb.fxgl.ui.FXGLDialogFactoryServiceProvider, class com.almasb.fxgl.audio.AudioPlayer, class com.almasb.fxgl.notification.impl.NotificationServiceProvider, class com.almasb.fxgl.achievement.AchievementService, class com.almasb.fxgl.cutscene.CutsceneService, class com.almasb.fxgl.minigames.MiniGameService, class com.almasb.fxgl.net.NetService, class com.almasb.fxgl.app.services.UpdaterService, class com.almasb.fxgl.dev.DevService]
00:13:09.229 [FXGL Background Thread 3 ] DEBUG Engine               - fontGame: Abel-Regular.ttf
00:13:09.229 [FXGL Background Thread 3 ] DEBUG Engine               - fontMono: TerminalLandMono-Regular.otf
00:13:09.229 [FXGL Background Thread 3 ] DEBUG Engine               - fontText: Courier-Prime.ttf
00:13:09.229 [FXGL Background Thread 3 ] DEBUG Engine               - fontUI: VarelaRound-Regular.ttf
00:13:09.229 [FXGL Background Thread 3 ] DEBUG Engine               - fullScreen: BooleanProperty [value: false]
00:13:09.229 [FXGL Background Thread 3 ] DEBUG Engine               - gameDifficulty: MEDIUM
00:13:09.229 [FXGL Background Thread 3 ] DEBUG Engine               - gameDifficultyProperty: ObjectProperty [value: MEDIUM]
00:13:09.229 [FXGL Background Thread 3 ] DEBUG Engine               - globalMusicVolume: 0.5
00:13:09.229 [FXGL Background Thread 3 ] DEBUG Engine               - globalMusicVolumeProperty: DoubleProperty [value: 0.5]
00:13:09.229 [FXGL Background Thread 3 ] DEBUG Engine               - globalSoundVolume: 0.5
00:13:09.229 [FXGL Background Thread 3 ] DEBUG Engine               - globalSoundVolumeProperty: DoubleProperty [value: 0.5]
00:13:09.229 [FXGL Background Thread 3 ] DEBUG Engine               - height: 450
00:13:09.229 [FXGL Background Thread 3 ] DEBUG Engine               - is3D: false
00:13:09.229 [FXGL Background Thread 3 ] DEBUG Engine               - isAndroid: false
00:13:09.229 [FXGL Background Thread 3 ] DEBUG Engine               - isBrowser: false
00:13:09.229 [FXGL Background Thread 3 ] DEBUG Engine               - isClickFeedbackEnabled: false
00:13:09.230 [FXGL Background Thread 3 ] DEBUG Engine               - isCloseConfirmation: false
00:13:09.230 [FXGL Background Thread 3 ] DEBUG Engine               - isDesktop: true
00:13:09.230 [FXGL Background Thread 3 ] DEBUG Engine               - isDeveloperMenuEnabled: false
00:13:09.230 [FXGL Background Thread 3 ] DEBUG Engine               - isEmbedded: false
00:13:09.230 [FXGL Background Thread 3 ] DEBUG Engine               - isEntityPreloadEnabled: true
00:13:09.230 [FXGL Background Thread 3 ] DEBUG Engine               - isExperimentalTiledLargeMap: false
00:13:09.230 [FXGL Background Thread 3 ] DEBUG Engine               - isFileSystemWriteAllowed: true
00:13:09.230 [FXGL Background Thread 3 ] DEBUG Engine               - isFullScreenAllowed: false
00:13:09.230 [FXGL Background Thread 3 ] DEBUG Engine               - isFullScreenFromStart: false
00:13:09.230 [FXGL Background Thread 3 ] DEBUG Engine               - isGameMenuEnabled: true
00:13:09.230 [FXGL Background Thread 3 ] DEBUG Engine               - isIOS: false
00:13:09.230 [FXGL Background Thread 3 ] DEBUG Engine               - isIntroEnabled: false
00:13:09.230 [FXGL Background Thread 3 ] DEBUG Engine               - isLinux: false
00:13:09.230 [FXGL Background Thread 3 ] DEBUG Engine               - isMac: true
00:13:09.230 [FXGL Background Thread 3 ] DEBUG Engine               - isMainMenuEnabled: true
00:13:09.230 [FXGL Background Thread 3 ] DEBUG Engine               - isManualResizeEnabled: false
00:13:09.230 [FXGL Background Thread 3 ] DEBUG Engine               - isMobile: false
00:13:09.230 [FXGL Background Thread 3 ] DEBUG Engine               - isNative: false
00:13:09.230 [FXGL Background Thread 3 ] DEBUG Engine               - isPauseMusicWhenMinimized: true
00:13:09.230 [FXGL Background Thread 3 ] DEBUG Engine               - isPreserveResizeRatio: false
00:13:09.230 [FXGL Background Thread 3 ] DEBUG Engine               - isProfilingEnabled: false
00:13:09.230 [FXGL Background Thread 3 ] DEBUG Engine               - isScaleAffectedOnResize: true
00:13:09.230 [FXGL Background Thread 3 ] DEBUG Engine               - isSingleStep: false
00:13:09.230 [FXGL Background Thread 3 ] DEBUG Engine               - isUserProfileEnabled: false
00:13:09.230 [FXGL Background Thread 3 ] DEBUG Engine               - isWindows: false
00:13:09.230 [FXGL Background Thread 3 ] DEBUG Engine               - language: ObjectProperty [value: ENGLISH]
00:13:09.230 [FXGL Background Thread 3 ] DEBUG Engine               - menuKey: ESCAPE
00:13:09.231 [FXGL Background Thread 3 ] DEBUG Engine               - mouseSensitivity: 0.2
00:13:09.231 [FXGL Background Thread 3 ] DEBUG Engine               - notificationViewClass: class com.almasb.fxgl.notification.view.XboxNotificationView
00:13:09.231 [FXGL Background Thread 3 ] DEBUG Engine               - pixelsPerMeter: 50.0
00:13:09.231 [FXGL Background Thread 3 ] DEBUG Engine               - platform: MAC
00:13:09.231 [FXGL Background Thread 3 ] DEBUG Engine               - prefHeightProperty: ReadOnlyDoubleProperty [value: 450.0]
00:13:09.231 [FXGL Background Thread 3 ] DEBUG Engine               - prefWidthProperty: ReadOnlyDoubleProperty [value: 800.0]
00:13:09.231 [FXGL Background Thread 3 ] DEBUG Engine               - profileDir: profiles/
00:13:09.231 [FXGL Background Thread 3 ] DEBUG Engine               - profileName: StringProperty [value: DEFAULT]
00:13:09.231 [FXGL Background Thread 3 ] DEBUG Engine               - randomSeed: -1
00:13:09.231 [FXGL Background Thread 3 ] DEBUG Engine               - runtimeInfo: RuntimeInfo(platform=MAC, version=17.2, build=20.08.2022 16.50)
00:13:09.231 [FXGL Background Thread 3 ] DEBUG Engine               - saveFileExt: sav
00:13:09.231 [FXGL Background Thread 3 ] DEBUG Engine               - scaledHeightProp$fxgl: DoubleProperty [bound, value: 450.0]
00:13:09.231 [FXGL Background Thread 3 ] DEBUG Engine               - scaledWidthProp$fxgl: DoubleProperty [bound, value: 800.0]
00:13:09.231 [FXGL Background Thread 3 ] DEBUG Engine               - sceneFactory: com.almasb.fxgl.app.scene.SceneFactory@79b63219
00:13:09.231 [FXGL Background Thread 3 ] DEBUG Engine               - secondsIn24h: 60
00:13:09.231 [FXGL Background Thread 3 ] DEBUG Engine               - soundMenuBack: menu/back.wav
00:13:09.231 [FXGL Background Thread 3 ] DEBUG Engine               - soundMenuPress: menu/press.wav
00:13:09.231 [FXGL Background Thread 3 ] DEBUG Engine               - soundMenuSelect: menu/select.wav
00:13:09.231 [FXGL Background Thread 3 ] DEBUG Engine               - soundNotification: core/notification.wav
00:13:09.231 [FXGL Background Thread 3 ] DEBUG Engine               - stageStyle: DECORATED
00:13:09.231 [FXGL Background Thread 3 ] DEBUG Engine               - supportedLanguages: [ENGLISH, FRENCH, GERMAN, HUNGARIAN, RUSSIAN]
00:13:09.231 [FXGL Background Thread 3 ] DEBUG Engine               - ticksPerSecond: -1
00:13:09.231 [FXGL Background Thread 3 ] DEBUG Engine               - title: Terminal Coita
00:13:09.231 [FXGL Background Thread 3 ] DEBUG Engine               - urlGithub: https://github.com/AlmasB/FXGL
00:13:09.231 [FXGL Background Thread 3 ] DEBUG Engine               - urlLeaderboard: http://fxgl-top.herokuapp.com/
00:13:09.231 [FXGL Background Thread 3 ] DEBUG Engine               - urlPOM: https://raw.githubusercontent.com/AlmasB/FXGL/release/README.md
00:13:09.231 [FXGL Background Thread 3 ] DEBUG Engine               - userAppClass: class com.example.terminal.Main
00:13:09.231 [FXGL Background Thread 3 ] DEBUG Engine               - version: 0.1
00:13:09.231 [FXGL Background Thread 3 ] DEBUG Engine               - versionCheckDays: 7
00:13:09.231 [FXGL Background Thread 3 ] DEBUG Engine               - width: 800
00:13:09.231 [FXGL Background Thread 3 ] DEBUG Engine               - Logging services
00:13:09.231 [FXGL Background Thread 3 ] DEBUG Engine               - class com.almasb.fxgl.app.services.FXGLAssetLoaderService
00:13:09.231 [FXGL Background Thread 3 ] DEBUG Engine               - class com.almasb.fxgl.app.FXGLApplication$GameApplicationService
00:13:09.231 [FXGL Background Thread 3 ] DEBUG Engine               - class com.almasb.fxgl.app.services.FXGLDialogService
00:13:09.232 [FXGL Background Thread 3 ] DEBUG Engine               - class com.almasb.fxgl.app.services.IOTaskExecutorService
00:13:09.232 [FXGL Background Thread 3 ] DEBUG Engine               - class com.almasb.fxgl.io.FileSystemService
00:13:09.232 [FXGL Background Thread 3 ] DEBUG Engine               - class com.almasb.fxgl.localization.LocalizationService
00:13:09.232 [FXGL Background Thread 3 ] DEBUG Engine               - class com.almasb.fxgl.app.services.SystemBundleService
00:13:09.232 [FXGL Background Thread 3 ] DEBUG Engine               - class com.almasb.fxgl.profile.SaveLoadService
00:13:09.232 [FXGL Background Thread 3 ] DEBUG Engine               - class com.almasb.fxgl.ui.FXGLUIFactoryServiceProvider
00:13:09.232 [FXGL Background Thread 3 ] DEBUG Engine               - class com.almasb.fxgl.ui.FXGLDialogFactoryServiceProvider
00:13:09.232 [FXGL Background Thread 3 ] DEBUG Engine               - class com.almasb.fxgl.audio.AudioPlayer
00:13:09.232 [FXGL Background Thread 3 ] DEBUG Engine               - class com.almasb.fxgl.notification.impl.NotificationServiceProvider
00:13:09.232 [FXGL Background Thread 3 ] DEBUG Engine               - class com.almasb.fxgl.achievement.AchievementService
00:13:09.232 [FXGL Background Thread 3 ] DEBUG Engine               - class com.almasb.fxgl.cutscene.CutsceneService
00:13:09.232 [FXGL Background Thread 3 ] DEBUG Engine               - class com.almasb.fxgl.minigames.MiniGameService
00:13:09.232 [FXGL Background Thread 3 ] DEBUG Engine               - class com.almasb.fxgl.net.NetService
00:13:09.232 [FXGL Background Thread 3 ] DEBUG Engine               - class com.almasb.fxgl.app.services.UpdaterService
00:13:09.232 [FXGL Background Thread 3 ] DEBUG Engine               - class com.almasb.fxgl.dev.DevService
00:13:09.497 [JavaFX Application Thread] DEBUG Menu                 - fireNewGame()
00:13:09.497 [JavaFX Application Thread] DEBUG GameApplicationServi - Starting new game
00:13:09.498 [JavaFX Application Thread] DEBUG PrimaryStageWindow   - Pop state: FXGLDefaultMenu
00:13:09.499 [JavaFX Application Thread] DEBUG Input                - Clearing active input actions
00:13:09.499 [JavaFX Application Thread] DEBUG GameApplicationServi - Removing overlay from FXGLDefaultMenu and adding to FXGLMainMenuDummyScene
00:13:09.499 [JavaFX Application Thread] DEBUG PrimaryStageWindow   - FXGLMainMenuDummyScene <- FXGLDefaultMenu
00:13:09.499 [JavaFX Application Thread] DEBUG Input                - Clearing active input actions
00:13:09.506 [JavaFX Application Thread] DEBUG GameApplicationServi - Removing overlay from FXGLMainMenuDummyScene and adding to FXGLLoadingScene
00:13:09.506 [JavaFX Application Thread] DEBUG PrimaryStageWindow   - FXGLMainMenuDummyScene -> FXGLLoadingScene
00:13:09.506 [JavaFX Application Thread] DEBUG GameApplicationServi - Clearing previous game
00:13:09.506 [JavaFX Application Thread] DEBUG GameScene            - Clearing game scene
00:13:09.506 [JavaFX Application Thread] DEBUG GameWorld            - Clearing game world
00:13:09.506 [JavaFX Application Thread] DEBUG PhysicsWorld         - Clearing physics world
00:13:09.508 [FXGL Background Thread 2 ] DEBUG FXGLApplication      - Initializing game
00:13:09.537 [FXGL Background Thread 2 ] DEBUG FXGLAssetLoaderServi - Loading from file system: file:/Users/alexpm/Downloads/airport/target/classes/assets/textures/ticketSeller.png
00:13:09.541 [FXGL Background Thread 2 ] DEBUG FXGLAssetLoaderServi - Loading from file system: file:/Users/alexpm/Downloads/airport/target/classes/assets/textures/corruptPerson.png
00:13:09.542 [FXGL Background Thread 2 ] WARN  GameWorld            - Entity is already attached to world
00:13:09.543 [FXGL Background Thread 2 ] DEBUG FXGLAssetLoaderServi - Loading from file system: file:/Users/alexpm/Downloads/airport/target/classes/assets/textures/terminalBG.jpg
00:13:10.215 [FXGL Background Thread 2 ] INFO  FXGLApplication      - Game initialization took: 0.707 sec
00:13:10.215 [JavaFX Application Thread] DEBUG Input                - Clearing active input actions
00:13:10.218 [JavaFX Application Thread] DEBUG GameApplicationServi - Removing overlay from FXGLLoadingScene and adding to GameScene
00:13:10.218 [JavaFX Application Thread] DEBUG PrimaryStageWindow   - FXGLLoadingScene -> GameScene
00:13:13.865 [JavaFX Application Thread] DEBUG FXGLAssetLoaderServi - Loading from file system: file:/Users/alexpm/Downloads/airport/target/classes/assets/textures/player.png
00:13:13.869 [JavaFX Application Thread] WARN  GameWorld            - Entity is already attached to world
00:13:14.198 [JavaFX Application Thread] WARN  GameWorld            - Entity is already attached to world
00:13:15.386 [JavaFX Application Thread] WARN  GameWorld            - Entity is already attached to world
00:13:16.534 [JavaFX Application Thread] WARN  GameWorld            - Entity is already attached to world
00:13:16.622 [JavaFX Application Thread] WARN  GameWorld            - Entity is already attached to world
00:13:19.666 [JavaFX Application Thread] WARN  GameWorld            - Entity is already attached to world
00:13:19.694 [JavaFX Application Thread] WARN  GameWorld            - Entity is already attached to world
00:13:20.764 [JavaFX Application Thread] WARN  GameWorld            - Entity is already attached to world
00:13:21.092 [JavaFX Application Thread] WARN  GameWorld            - Entity is already attached to world
00:13:22.502 [JavaFX Application Thread] WARN  GameWorld            - Entity is already attached to world
00:13:23.544 [JavaFX Application Thread] WARN  GameWorld            - Entity is already attached to world
00:13:25.246 [JavaFX Application Thread] WARN  GameWorld            - Entity is already attached to world
00:13:26.379 [JavaFX Application Thread] WARN  GameWorld            - Entity is already attached to world
00:13:26.941 [JavaFX Application Thread] WARN  GameWorld            - Entity is already attached to world
00:13:27.476 [JavaFX Application Thread] WARN  GameWorld            - Entity is already attached to world
00:13:29.694 [JavaFX Application Thread] WARN  GameWorld            - Entity is already attached to world
00:13:29.749 [JavaFX Application Thread] WARN  GameWorld            - Entity is already attached to world
00:13:30.499 [JavaFX Application Thread] WARN  GameWorld            - Entity is already attached to world
00:13:32.524 [JavaFX Application Thread] WARN  GameWorld            - Entity is already attached to world
00:13:32.715 [JavaFX Application Thread] WARN  GameWorld            - Entity is already attached to world
00:13:33.438 [JavaFX Application Thread] WARN  GameWorld            - Entity is already attached to world
00:13:34.564 [JavaFX Application Thread] WARN  GameWorld            - Entity is already attached to world
00:13:36.176 [JavaFX Application Thread] WARN  GameWorld            - Entity is already attached to world
00:13:36.397 [JavaFX Application Thread] WARN  GameWorld            - Entity is already attached to world
00:13:38.552 [JavaFX Application Thread] WARN  GameWorld            - Entity is already attached to world
00:13:38.635 [JavaFX Application Thread] WARN  GameWorld            - Entity is already attached to world
00:13:39.136 [JavaFX Application Thread] WARN  GameWorld            - Entity is already attached to world
00:13:39.156 [JavaFX Application Thread] WARN  GameWorld            - Entity is already attached to world
00:13:40.145 [JavaFX Application Thread] WARN  GameWorld            - Entity is already attached to world
00:13:41.437 [JavaFX Application Thread] WARN  GameWorld            - Entity is already attached to world
00:13:43.437 [JavaFX Application Thread] WARN  GameWorld            - Entity is already attached to world
00:13:44.034 [JavaFX Application Thread] WARN  GameWorld            - Entity is already attached to world
00:13:44.722 [JavaFX Application Thread] WARN  GameWorld            - Entity is already attached to world
00:13:47.738 [JavaFX Application Thread] WARN  GameWorld            - Entity is already attached to world
00:13:48.420 [JavaFX Application Thread] WARN  GameWorld            - Entity is already attached to world
00:13:49.102 [JavaFX Application Thread] WARN  GameWorld            - Entity is already attached to world
00:13:49.211 [JavaFX Application Thread] WARN  GameWorld            - Entity is already attached to world
00:13:49.288 [JavaFX Application Thread] WARN  GameWorld            - Entity is already attached to world
00:13:51.456 [JavaFX Application Thread] WARN  GameWorld            - Entity is already attached to world
00:13:52.541 [JavaFX Application Thread] WARN  GameWorld            - Entity is already attached to world
00:13:54.166 [JavaFX Application Thread] WARN  GameWorld            - Entity is already attached to world
00:13:55.014 [JavaFX Application Thread] WARN  GameWorld            - Entity is already attached to world
00:13:55.457 [JavaFX Application Thread] WARN  GameWorld            - Entity is already attached to world
00:13:56.424 [JavaFX Application Thread] WARN  GameWorld            - Entity is already attached to world
00:13:56.459 [JavaFX Application Thread] WARN  GameWorld            - Entity is already attached to world
00:13:59.049 [JavaFX Application Thread] WARN  GameWorld            - Entity is already attached to world
00:13:59.217 [JavaFX Application Thread] DEBUG FXGLApplication      - Exiting FXGL
00:13:59.217 [JavaFX Application Thread] DEBUG LoopRunner           - Stopping loop
00:13:59.218 [JavaFX Application Thread] DEBUG SystemBundleService  - Saving FXGL system data
00:13:59.222 [JavaFX Application Thread] DEBUG FileSystemAccess     - Writing to: /Users/alexpm/Downloads/airport/system/fxgl.bundle
00:13:59.224 [JavaFX Application Thread] DEBUG Async                - Shutting down background threads
00:13:59.224 [JavaFX Application Thread] DEBUG PrimaryStageWindow   - Closing main window
00:13:59.233 [JavaFX Application Thread] DEBUG Logger               - Closing Logger
