02:10:19.615 [main                     ] DEBUG Logger               - Configured Logger
02:10:19.630 [main                     ] DEBUG GameApplication      - Logging settings
Title: Terminal Coita
Version: 0.1
Width: 800
Height: 450
Fullscreen: false
Intro: false
Profiling: false
Single step:false
App Mode: DEVELOPER
Menu Key: ESCAPE
Stage Style: DECORATED
Scene Factory: class com.almasb.fxgl.app.scene.SceneFactory

02:10:23.680 [JavaFX Application Thread] DEBUG FXGLApplication      - Initializing FXGL
02:10:23.683 [JavaFX Application Thread] INFO  Engine               - FXGL-17.2 (20.08.2022 16.50) on MAC (J:17.0.7 FX:17.0.2-ea)
02:10:23.683 [JavaFX Application Thread] DEBUG Engine               - JRE Vendor Name: Oracle Corporation
02:10:23.683 [JavaFX Application Thread] DEBUG Engine               - Running on OS: Mac OS X version 14.1.1
02:10:23.684 [JavaFX Application Thread] DEBUG Engine               - Architecture: aarch64
02:10:23.684 [JavaFX Application Thread] INFO  Engine               - Source code and latest versions at: https://github.com/AlmasB/FXGL
02:10:23.684 [JavaFX Application Thread] INFO  Engine               -       Ask questions and discuss at: https://github.com/AlmasB/FXGL/discussions
02:10:23.684 [JavaFX Application Thread] INFO  Engine               -              Join the FXGL chat at: https://gitter.im/AlmasB/FXGL
02:10:23.721 [JavaFX Application Thread] DEBUG PrimaryStageWindow   - Creating a JavaFX scene
02:10:23.740 [JavaFX Application Thread] DEBUG PrimaryStageWindow   - Target settings size: 800.0 x 450.0
02:10:23.740 [JavaFX Application Thread] DEBUG PrimaryStageWindow   - Scaled scene size:    800.0 x 450.0
02:10:23.740 [JavaFX Application Thread] DEBUG PrimaryStageWindow   - Scaled ratio: (1.0, 1.0)
02:10:23.740 [JavaFX Application Thread] DEBUG PrimaryStageWindow   - Set initial scene to FXGLStartupScene
02:10:23.744 [JavaFX Application Thread] DEBUG PrimaryStageWindow   - Opening main window
02:10:23.793 [JavaFX Application Thread] DEBUG PrimaryStageWindow   - Window border size: (0.0, 28.0)
02:10:23.793 [JavaFX Application Thread] DEBUG PrimaryStageWindow   - Scaled size: 800.0 x 450.0
02:10:23.793 [JavaFX Application Thread] DEBUG PrimaryStageWindow   - Scaled ratio: (1.0, 1.0)
02:10:23.793 [JavaFX Application Thread] DEBUG PrimaryStageWindow   - Scene size: 800.0 x 450.0
02:10:23.794 [JavaFX Application Thread] DEBUG PrimaryStageWindow   - Stage size: 800.0 x 478.0
02:10:23.796 [FXGL Background Thread 1 ] DEBUG Engine               - Initializing environment variables
02:10:23.810 [FXGL Background Thread 1 ] DEBUG FXGLAssetLoaderServi - User app class for loading assets: class com.example.terminal.Main
02:10:23.810 [FXGL Background Thread 1 ] DEBUG GameApplicationServi - Applying CSS: fxgl_dark.css
02:10:23.811 [FXGL Background Thread 1 ] DEBUG FXGLAssetLoaderServi - Loading from file system: jar:file:///Users/alexpm/.m2/repository/com/github/almasb/fxgl/17.2/fxgl-17.2.jar!/fxglassets/ui/css/fxgl_dark.css
02:10:23.834 [FXGL Background Thread 1 ] DEBUG GameApplicationServi - Initializing application scenes
02:10:23.872 [FXGL Background Thread 1 ] DEBUG GameWorld            - Game world initialized
02:10:23.899 [FXGL Background Thread 1 ] DEBUG PhysicsWorld         - Physics world initialized: appHeight=450, physics.ppm=50.0
02:10:23.899 [FXGL Background Thread 1 ] DEBUG PhysicsWorld         - Using strategy: BRUTE_FORCE
02:10:23.901 [FXGL Background Thread 1 ] DEBUG GameScene            - Game scene initialized: 800x450
02:10:23.906 [FXGL Background Thread 1 ] WARN  FXGL.DefaultMenu     - FXGLDefaultMenu is not designed for resolutions < 800x600
02:10:23.906 [FXGL Background Thread 1 ] DEBUG FXGL.DefaultMenu     - createMenuBodyMainMenu()
02:10:23.913 [FXGL Background Thread 1 ] DEBUG FXGL.DefaultMenu     - createOptionsMenu()
02:10:23.918 [FXGL Background Thread 1 ] DEBUG FXGLAssetLoaderServi - Loading from file system: jar:file:///Users/alexpm/.m2/repository/com/github/almasb/fxgl/17.2/fxgl-17.2.jar!/fxglassets/textures/particles/smoke.png
02:10:23.971 [FXGL Background Thread 1 ] DEBUG FXGLAssetLoaderServi - Loading from file system: jar:file:///Users/alexpm/.m2/repository/com/github/almasb/fxgl/17.2/fxgl-17.2.jar!/fxglassets/textures/particles/trace_horizontal.png
02:10:23.985 [FXGL Background Thread 1 ] WARN  FXGL.DefaultMenu     - FXGLDefaultMenu is not designed for resolutions < 800x600
02:10:23.986 [FXGL Background Thread 1 ] DEBUG FXGL.DefaultMenu     - createMenuBodyGameMenu()
02:10:23.986 [FXGL Background Thread 1 ] DEBUG FXGL.DefaultMenu     - createOptionsMenu()
02:10:24.006 [FXGL Background Thread 1 ] DEBUG GameApplicationServi - Application scenes initialized
02:10:24.012 [FXGL Background Thread 1 ] DEBUG SystemBundleService  - Loading FXGL system data
02:10:24.014 [FXGL Background Thread 1 ] DEBUG FileSystemAccess     - Reading from: /Users/alexpm/Downloads/airport/system/fxgl.bundle
02:10:24.018 [FXGL Background Thread 1 ] DEBUG SystemBundleService  - Bundle FXGL: {}
02:10:24.018 [FXGL Background Thread 1 ] DEBUG UpdaterService       - Checking for updates
02:10:24.019 [FXGL Background Thread 4 ] DEBUG FXGLApplication      - Loading fonts
02:10:24.020 [FXGL Background Thread 1 ] DEBUG FXGLApplication      - Loading default localization
02:10:24.020 [FXGL Background Thread 4 ] DEBUG FXGLAssetLoaderServi - Loading from file system: jar:file:///Users/alexpm/.m2/repository/com/github/almasb/fxgl/17.2/fxgl-17.2.jar!/fxglassets/ui/fonts/VarelaRound-Regular.ttf
02:10:24.020 [FXGL Background Thread 1 ] DEBUG FXGLAssetLoaderServi - Loading from file system: jar:file:///Users/alexpm/.m2/repository/com/github/almasb/fxgl/17.2/fxgl-17.2.jar!/fxglassets/languages/english.lang
02:10:24.026 [FXGL Background Thread 4 ] DEBUG FXGLAssetLoaderServi - Loading from file system: jar:file:///Users/alexpm/.m2/repository/com/github/almasb/fxgl/17.2/fxgl-17.2.jar!/fxglassets/ui/fonts/Abel-Regular.ttf
02:10:24.027 [FXGL Background Thread 1 ] INFO  FXGLApplication      - FXGL initialization took: 0.231 sec
02:10:24.027 [JavaFX Application Thread] DEBUG FXGLAssetLoaderServi - Loading from file system: jar:file:///Users/alexpm/.m2/repository/com/github/almasb/fxgl/17.2/fxgl-17.2.jar!/fxglassets/textures/fxgl_icon.png
02:10:24.028 [FXGL Background Thread 4 ] DEBUG FXGLAssetLoaderServi - Loading from file system: jar:file:///Users/alexpm/.m2/repository/com/github/almasb/fxgl/17.2/fxgl-17.2.jar!/fxglassets/ui/fonts/TerminalLandMono-Regular.otf
02:10:24.030 [FXGL Background Thread 4 ] DEBUG FXGLAssetLoaderServi - Loading from file system: jar:file:///Users/alexpm/.m2/repository/com/github/almasb/fxgl/17.2/fxgl-17.2.jar!/fxglassets/ui/fonts/Courier-Prime.ttf
02:10:24.044 [JavaFX Application Thread] DEBUG FXGLAssetLoaderServi - Loading from file system: jar:file:///Users/alexpm/.m2/repository/com/github/almasb/fxgl/17.2/fxgl-17.2.jar!/fxglassets/textures/fxgl_default_cursor.png
02:10:24.049 [JavaFX Application Thread] DEBUG Input                - Registered new binding: Screenshot - CTRL+8
02:10:24.049 [JavaFX Application Thread] DEBUG Input                - Registered new binding: System info dump - CTRL+9
02:10:24.049 [JavaFX Application Thread] DEBUG Input                - Registered new binding: Restart - CTRL+R
02:10:24.049 [JavaFX Application Thread] DEBUG Input                - Registered new binding: Toggle Debug Camera - CTRL+7
02:10:24.050 [JavaFX Application Thread] DEBUG LoopRunner           - Starting loop
02:10:24.051 [JavaFX Application Thread] DEBUG LoopRunner           - Initializing JavaFX AnimationTimerLoop
02:10:24.052 [JavaFX Application Thread] DEBUG Input                - Clearing active input actions
02:10:24.055 [JavaFX Application Thread] DEBUG GameApplicationServi - Removing overlay from FXGLStartupScene and adding to FXGLMainMenuDummyScene
02:10:24.055 [JavaFX Application Thread] DEBUG PrimaryStageWindow   - FXGLStartupScene -> FXGLMainMenuDummyScene
02:10:24.055 [JavaFX Application Thread] DEBUG PrimaryStageWindow   - Push state: FXGLDefaultMenu
02:10:24.057 [JavaFX Application Thread] DEBUG Input                - Clearing active input actions
02:10:24.061 [JavaFX Application Thread] DEBUG GameApplicationServi - Removing overlay from FXGLMainMenuDummyScene and adding to FXGLDefaultMenu
02:10:24.061 [JavaFX Application Thread] DEBUG PrimaryStageWindow   - FXGLMainMenuDummyScene -> FXGLDefaultMenu
02:10:24.082 [JavaFX Application Thread] DEBUG FXGLApplication      - Registering font factories with UI factory
02:10:24.331 [FXGL Background Thread 2 ] INFO  UpdaterService       - Your current version:  17.2
02:10:24.331 [FXGL Background Thread 2 ] INFO  UpdaterService       - Latest stable version: 17.3
02:10:25.186 [JavaFX Application Thread] DEBUG Menu                 - fireNewGame()
02:10:25.186 [JavaFX Application Thread] DEBUG GameApplicationServi - Starting new game
02:10:25.187 [JavaFX Application Thread] DEBUG PrimaryStageWindow   - Pop state: FXGLDefaultMenu
02:10:25.187 [JavaFX Application Thread] DEBUG Input                - Clearing active input actions
02:10:25.187 [JavaFX Application Thread] DEBUG GameApplicationServi - Removing overlay from FXGLDefaultMenu and adding to FXGLMainMenuDummyScene
02:10:25.188 [JavaFX Application Thread] DEBUG PrimaryStageWindow   - FXGLMainMenuDummyScene <- FXGLDefaultMenu
02:10:25.188 [JavaFX Application Thread] DEBUG Input                - Clearing active input actions
02:10:25.190 [JavaFX Application Thread] DEBUG GameApplicationServi - Removing overlay from FXGLMainMenuDummyScene and adding to FXGLLoadingScene
02:10:25.190 [JavaFX Application Thread] DEBUG PrimaryStageWindow   - FXGLMainMenuDummyScene -> FXGLLoadingScene
02:10:25.190 [JavaFX Application Thread] DEBUG GameApplicationServi - Clearing previous game
02:10:25.190 [JavaFX Application Thread] DEBUG GameScene            - Clearing game scene
02:10:25.190 [JavaFX Application Thread] DEBUG GameWorld            - Clearing game world
02:10:25.190 [JavaFX Application Thread] DEBUG PhysicsWorld         - Clearing physics world
02:10:25.191 [FXGL Background Thread 2 ] DEBUG FXGLApplication      - Initializing game
02:10:25.214 [FXGL Background Thread 2 ] DEBUG FXGLAssetLoaderServi - Loading from file system: file:/Users/alexpm/Downloads/airport/target/classes/assets/textures/vendedor.png
02:10:25.223 [FXGL Background Thread 2 ] DEBUG FXGLAssetLoaderServi - Loading from file system: file:/Users/alexpm/Downloads/airport/target/classes/assets/textures/conductor.png
02:10:25.228 [FXGL Background Thread 2 ] WARN  GameWorld            - Entity is already attached to world
02:10:25.229 [FXGL Background Thread 2 ] DEBUG FXGLAssetLoaderServi - Loading from file system: file:/Users/alexpm/Downloads/airport/target/classes/assets/textures/terminalBG.jpg
02:10:25.237 [FXGL Background Thread 2 ] INFO  FXGLApplication      - Game initialization took: 0.046 sec
02:10:25.237 [JavaFX Application Thread] DEBUG Input                - Clearing active input actions
02:10:25.239 [JavaFX Application Thread] DEBUG GameApplicationServi - Removing overlay from FXGLLoadingScene and adding to GameScene
02:10:25.240 [JavaFX Application Thread] DEBUG PrimaryStageWindow   - FXGLLoadingScene -> GameScene
02:10:27.024 [FXGL Background Thread 3 ] DEBUG Engine               - Logging environment variables
02:10:27.025 [FXGL Background Thread 3 ] DEBUG Engine               - achievements: []
02:10:27.025 [FXGL Background Thread 3 ] DEBUG Engine               - actualHeight: 450.0
02:10:27.026 [FXGL Background Thread 3 ] DEBUG Engine               - actualHeightProperty: ReadOnlyDoubleProperty [value: 450.0]
02:10:27.026 [FXGL Background Thread 3 ] DEBUG Engine               - actualWidth: 800.0
02:10:27.026 [FXGL Background Thread 3 ] DEBUG Engine               - actualWidthProperty: ReadOnlyDoubleProperty [value: 800.0]
02:10:27.026 [FXGL Background Thread 3 ] DEBUG Engine               - appIcon: fxgl_icon.png
02:10:27.026 [FXGL Background Thread 3 ] DEBUG Engine               - applicationMode: DEVELOPER
02:10:27.026 [FXGL Background Thread 3 ] DEBUG Engine               - cSSList: [fxgl_dark.css]
02:10:27.026 [FXGL Background Thread 3 ] DEBUG Engine               - collisionDetectionStrategy: BRUTE_FORCE
02:10:27.026 [FXGL Background Thread 3 ] DEBUG Engine               - configClass: Optional.empty
02:10:27.026 [FXGL Background Thread 3 ] DEBUG Engine               - credits: []
02:10:27.027 [FXGL Background Thread 3 ] DEBUG Engine               - defaultCursor: CursorInfo(imageName=fxgl_default_cursor.png, hotspotX=7.0, hotspotY=6.0)
02:10:27.027 [FXGL Background Thread 3 ] DEBUG Engine               - devBBoxColorProperty: ObjectProperty [value: 0xff0000ff]
02:10:27.027 [FXGL Background Thread 3 ] DEBUG Engine               - devEnableDebugCameraProperty: BooleanProperty [value: false]
02:10:27.027 [FXGL Background Thread 3 ] DEBUG Engine               - devSensorColorProperty: ObjectProperty [value: 0xffff00ff]
02:10:27.027 [FXGL Background Thread 3 ] DEBUG Engine               - devShowBBoxProperty: BooleanProperty [value: false]
02:10:27.027 [FXGL Background Thread 3 ] DEBUG Engine               - devShowPositionProperty: BooleanProperty [value: false]
02:10:27.028 [FXGL Background Thread 3 ] DEBUG Engine               - enabledMenuItems: []
02:10:27.028 [FXGL Background Thread 3 ] DEBUG Engine               - engineServices: [class com.almasb.fxgl.app.services.FXGLAssetLoaderService, class com.almasb.fxgl.app.FXGLApplication$GameApplicationService, class com.almasb.fxgl.app.services.FXGLDialogService, class com.almasb.fxgl.app.services.IOTaskExecutorService, class com.almasb.fxgl.io.FileSystemService, class com.almasb.fxgl.localization.LocalizationService, class com.almasb.fxgl.app.services.SystemBundleService, class com.almasb.fxgl.profile.SaveLoadService, class com.almasb.fxgl.ui.FXGLUIFactoryServiceProvider, class com.almasb.fxgl.ui.FXGLDialogFactoryServiceProvider, class com.almasb.fxgl.audio.AudioPlayer, class com.almasb.fxgl.notification.impl.NotificationServiceProvider, class com.almasb.fxgl.achievement.AchievementService, class com.almasb.fxgl.cutscene.CutsceneService, class com.almasb.fxgl.minigames.MiniGameService, class com.almasb.fxgl.net.NetService, class com.almasb.fxgl.app.services.UpdaterService, class com.almasb.fxgl.dev.DevService]
02:10:27.028 [FXGL Background Thread 3 ] DEBUG Engine               - fontGame: Abel-Regular.ttf
02:10:27.028 [FXGL Background Thread 3 ] DEBUG Engine               - fontMono: TerminalLandMono-Regular.otf
02:10:27.028 [FXGL Background Thread 3 ] DEBUG Engine               - fontText: Courier-Prime.ttf
02:10:27.028 [FXGL Background Thread 3 ] DEBUG Engine               - fontUI: VarelaRound-Regular.ttf
02:10:27.028 [FXGL Background Thread 3 ] DEBUG Engine               - fullScreen: BooleanProperty [value: false]
02:10:27.028 [FXGL Background Thread 3 ] DEBUG Engine               - gameDifficulty: MEDIUM
02:10:27.028 [FXGL Background Thread 3 ] DEBUG Engine               - gameDifficultyProperty: ObjectProperty [value: MEDIUM]
02:10:27.028 [FXGL Background Thread 3 ] DEBUG Engine               - globalMusicVolume: 0.5
02:10:27.028 [FXGL Background Thread 3 ] DEBUG Engine               - globalMusicVolumeProperty: DoubleProperty [value: 0.5]
02:10:27.029 [FXGL Background Thread 3 ] DEBUG Engine               - globalSoundVolume: 0.5
02:10:27.029 [FXGL Background Thread 3 ] DEBUG Engine               - globalSoundVolumeProperty: DoubleProperty [value: 0.5]
02:10:27.029 [FXGL Background Thread 3 ] DEBUG Engine               - height: 450
02:10:27.029 [FXGL Background Thread 3 ] DEBUG Engine               - is3D: false
02:10:27.029 [FXGL Background Thread 3 ] DEBUG Engine               - isAndroid: false
02:10:27.029 [FXGL Background Thread 3 ] DEBUG Engine               - isBrowser: false
02:10:27.029 [FXGL Background Thread 3 ] DEBUG Engine               - isClickFeedbackEnabled: false
02:10:27.029 [FXGL Background Thread 3 ] DEBUG Engine               - isCloseConfirmation: false
02:10:27.029 [FXGL Background Thread 3 ] DEBUG Engine               - isDesktop: true
02:10:27.029 [FXGL Background Thread 3 ] DEBUG Engine               - isDeveloperMenuEnabled: false
02:10:27.029 [FXGL Background Thread 3 ] DEBUG Engine               - isEmbedded: false
02:10:27.030 [FXGL Background Thread 3 ] DEBUG Engine               - isEntityPreloadEnabled: true
02:10:27.030 [FXGL Background Thread 3 ] DEBUG Engine               - isExperimentalTiledLargeMap: false
02:10:27.030 [FXGL Background Thread 3 ] DEBUG Engine               - isFileSystemWriteAllowed: true
02:10:27.030 [FXGL Background Thread 3 ] DEBUG Engine               - isFullScreenAllowed: false
02:10:27.030 [FXGL Background Thread 3 ] DEBUG Engine               - isFullScreenFromStart: false
02:10:27.030 [FXGL Background Thread 3 ] DEBUG Engine               - isGameMenuEnabled: true
02:10:27.030 [FXGL Background Thread 3 ] DEBUG Engine               - isIOS: false
02:10:27.030 [FXGL Background Thread 3 ] DEBUG Engine               - isIntroEnabled: false
02:10:27.030 [FXGL Background Thread 3 ] DEBUG Engine               - isLinux: false
02:10:27.030 [FXGL Background Thread 3 ] DEBUG Engine               - isMac: true
02:10:27.030 [FXGL Background Thread 3 ] DEBUG Engine               - isMainMenuEnabled: true
02:10:27.030 [FXGL Background Thread 3 ] DEBUG Engine               - isManualResizeEnabled: false
02:10:27.030 [FXGL Background Thread 3 ] DEBUG Engine               - isMobile: false
02:10:27.030 [FXGL Background Thread 3 ] DEBUG Engine               - isNative: false
02:10:27.030 [FXGL Background Thread 3 ] DEBUG Engine               - isPauseMusicWhenMinimized: true
02:10:27.030 [FXGL Background Thread 3 ] DEBUG Engine               - isPreserveResizeRatio: false
02:10:27.030 [FXGL Background Thread 3 ] DEBUG Engine               - isProfilingEnabled: false
02:10:27.030 [FXGL Background Thread 3 ] DEBUG Engine               - isScaleAffectedOnResize: true
02:10:27.030 [FXGL Background Thread 3 ] DEBUG Engine               - isSingleStep: false
02:10:27.031 [FXGL Background Thread 3 ] DEBUG Engine               - isUserProfileEnabled: false
02:10:27.031 [FXGL Background Thread 3 ] DEBUG Engine               - isWindows: false
02:10:27.031 [FXGL Background Thread 3 ] DEBUG Engine               - language: ObjectProperty [value: ENGLISH]
02:10:27.031 [FXGL Background Thread 3 ] DEBUG Engine               - menuKey: ESCAPE
02:10:27.031 [FXGL Background Thread 3 ] DEBUG Engine               - mouseSensitivity: 0.2
02:10:27.031 [FXGL Background Thread 3 ] DEBUG Engine               - notificationViewClass: class com.almasb.fxgl.notification.view.XboxNotificationView
02:10:27.031 [FXGL Background Thread 3 ] DEBUG Engine               - pixelsPerMeter: 50.0
02:10:27.031 [FXGL Background Thread 3 ] DEBUG Engine               - platform: MAC
02:10:27.031 [FXGL Background Thread 3 ] DEBUG Engine               - prefHeightProperty: ReadOnlyDoubleProperty [value: 450.0]
02:10:27.031 [FXGL Background Thread 3 ] DEBUG Engine               - prefWidthProperty: ReadOnlyDoubleProperty [value: 800.0]
02:10:27.031 [FXGL Background Thread 3 ] DEBUG Engine               - profileDir: profiles/
02:10:27.031 [FXGL Background Thread 3 ] DEBUG Engine               - profileName: StringProperty [value: DEFAULT]
02:10:27.031 [FXGL Background Thread 3 ] DEBUG Engine               - randomSeed: -1
02:10:27.032 [FXGL Background Thread 3 ] DEBUG Engine               - runtimeInfo: RuntimeInfo(platform=MAC, version=17.2, build=20.08.2022 16.50)
02:10:27.032 [FXGL Background Thread 3 ] DEBUG Engine               - saveFileExt: sav
02:10:27.032 [FXGL Background Thread 3 ] DEBUG Engine               - scaledHeightProp$fxgl: DoubleProperty [bound, value: 450.0]
02:10:27.032 [FXGL Background Thread 3 ] DEBUG Engine               - scaledWidthProp$fxgl: DoubleProperty [bound, value: 800.0]
02:10:27.032 [FXGL Background Thread 3 ] DEBUG Engine               - sceneFactory: com.almasb.fxgl.app.scene.SceneFactory@3e7ef759
02:10:27.032 [FXGL Background Thread 3 ] DEBUG Engine               - secondsIn24h: 60
02:10:27.032 [FXGL Background Thread 3 ] DEBUG Engine               - soundMenuBack: menu/back.wav
02:10:27.032 [FXGL Background Thread 3 ] DEBUG Engine               - soundMenuPress: menu/press.wav
02:10:27.032 [FXGL Background Thread 3 ] DEBUG Engine               - soundMenuSelect: menu/select.wav
02:10:27.032 [FXGL Background Thread 3 ] DEBUG Engine               - soundNotification: core/notification.wav
02:10:27.032 [FXGL Background Thread 3 ] DEBUG Engine               - stageStyle: DECORATED
02:10:27.032 [FXGL Background Thread 3 ] DEBUG Engine               - supportedLanguages: [ENGLISH, FRENCH, GERMAN, HUNGARIAN, RUSSIAN]
02:10:27.032 [FXGL Background Thread 3 ] DEBUG Engine               - ticksPerSecond: -1
02:10:27.032 [FXGL Background Thread 3 ] DEBUG Engine               - title: Terminal Coita
02:10:27.032 [FXGL Background Thread 3 ] DEBUG Engine               - urlGithub: https://github.com/AlmasB/FXGL
02:10:27.033 [FXGL Background Thread 3 ] DEBUG Engine               - urlLeaderboard: http://fxgl-top.herokuapp.com/
02:10:27.033 [FXGL Background Thread 3 ] DEBUG Engine               - urlPOM: https://raw.githubusercontent.com/AlmasB/FXGL/release/README.md
02:10:27.033 [FXGL Background Thread 3 ] DEBUG Engine               - userAppClass: class com.example.terminal.Main
02:10:27.033 [FXGL Background Thread 3 ] DEBUG Engine               - version: 0.1
02:10:27.033 [FXGL Background Thread 3 ] DEBUG Engine               - versionCheckDays: 7
02:10:27.033 [FXGL Background Thread 3 ] DEBUG Engine               - width: 800
02:10:27.033 [FXGL Background Thread 3 ] DEBUG Engine               - Logging services
02:10:27.033 [FXGL Background Thread 3 ] DEBUG Engine               - class com.almasb.fxgl.app.services.FXGLAssetLoaderService
02:10:27.033 [FXGL Background Thread 3 ] DEBUG Engine               - class com.almasb.fxgl.app.FXGLApplication$GameApplicationService
02:10:27.033 [FXGL Background Thread 3 ] DEBUG Engine               - class com.almasb.fxgl.app.services.FXGLDialogService
02:10:27.033 [FXGL Background Thread 3 ] DEBUG Engine               - class com.almasb.fxgl.app.services.IOTaskExecutorService
02:10:27.033 [FXGL Background Thread 3 ] DEBUG Engine               - class com.almasb.fxgl.io.FileSystemService
02:10:27.033 [FXGL Background Thread 3 ] DEBUG Engine               - class com.almasb.fxgl.localization.LocalizationService
02:10:27.033 [FXGL Background Thread 3 ] DEBUG Engine               - class com.almasb.fxgl.app.services.SystemBundleService
02:10:27.033 [FXGL Background Thread 3 ] DEBUG Engine               - class com.almasb.fxgl.profile.SaveLoadService
02:10:27.033 [FXGL Background Thread 3 ] DEBUG Engine               - class com.almasb.fxgl.ui.FXGLUIFactoryServiceProvider
02:10:27.033 [FXGL Background Thread 3 ] DEBUG Engine               - class com.almasb.fxgl.ui.FXGLDialogFactoryServiceProvider
02:10:27.033 [FXGL Background Thread 3 ] DEBUG Engine               - class com.almasb.fxgl.audio.AudioPlayer
02:10:27.033 [FXGL Background Thread 3 ] DEBUG Engine               - class com.almasb.fxgl.notification.impl.NotificationServiceProvider
02:10:27.033 [FXGL Background Thread 3 ] DEBUG Engine               - class com.almasb.fxgl.achievement.AchievementService
02:10:27.033 [FXGL Background Thread 3 ] DEBUG Engine               - class com.almasb.fxgl.cutscene.CutsceneService
02:10:27.033 [FXGL Background Thread 3 ] DEBUG Engine               - class com.almasb.fxgl.minigames.MiniGameService
02:10:27.033 [FXGL Background Thread 3 ] DEBUG Engine               - class com.almasb.fxgl.net.NetService
02:10:27.033 [FXGL Background Thread 3 ] DEBUG Engine               - class com.almasb.fxgl.app.services.UpdaterService
02:10:27.034 [FXGL Background Thread 3 ] DEBUG Engine               - class com.almasb.fxgl.dev.DevService
02:10:28.573 [JavaFX Application Thread] DEBUG FXGLAssetLoaderServi - Loading from file system: file:/Users/alexpm/Downloads/airport/target/classes/assets/textures/person.png
02:10:28.576 [JavaFX Application Thread] WARN  GameWorld            - Entity is already attached to world
02:10:29.400 [JavaFX Application Thread] WARN  GameWorld            - Entity is already attached to world
02:10:29.861 [JavaFX Application Thread] WARN  GameWorld            - Entity is already attached to world
02:10:31.095 [JavaFX Application Thread] WARN  GameWorld            - Entity is already attached to world
02:10:32.972 [JavaFX Application Thread] WARN  GameWorld            - Entity is already attached to world
02:10:33.933 [JavaFX Application Thread] WARN  GameWorld            - Entity is already attached to world
02:10:34.335 [JavaFX Application Thread] WARN  GameWorld            - Entity is already attached to world
02:10:34.655 [JavaFX Application Thread] WARN  GameWorld            - Entity is already attached to world
02:10:37.143 [JavaFX Application Thread] WARN  GameWorld            - Entity is already attached to world
02:10:37.678 [JavaFX Application Thread] WARN  GameWorld            - Entity is already attached to world
02:10:38.962 [JavaFX Application Thread] WARN  GameWorld            - Entity is already attached to world
02:10:39.090 [JavaFX Application Thread] WARN  GameWorld            - Entity is already attached to world
02:10:39.311 [JavaFX Application Thread] WARN  GameWorld            - Entity is already attached to world
02:10:42.605 [JavaFX Application Thread] WARN  GameWorld            - Entity is already attached to world
02:10:42.869 [JavaFX Application Thread] WARN  GameWorld            - Entity is already attached to world
02:10:44.667 [JavaFX Application Thread] WARN  GameWorld            - Entity is already attached to world
02:10:44.814 [JavaFX Application Thread] WARN  GameWorld            - Entity is already attached to world
02:10:45.966 [JavaFX Application Thread] WARN  GameWorld            - Entity is already attached to world
02:10:46.516 [JavaFX Application Thread] DEBUG FXGLApplication      - Exiting FXGL
02:10:46.516 [JavaFX Application Thread] DEBUG LoopRunner           - Stopping loop
02:10:46.516 [JavaFX Application Thread] DEBUG SystemBundleService  - Saving FXGL system data
02:10:46.519 [JavaFX Application Thread] DEBUG FileSystemAccess     - Writing to: /Users/alexpm/Downloads/airport/system/fxgl.bundle
02:10:46.520 [JavaFX Application Thread] DEBUG Async                - Shutting down background threads
02:10:46.520 [JavaFX Application Thread] DEBUG PrimaryStageWindow   - Closing main window
02:10:46.526 [JavaFX Application Thread] DEBUG Logger               - Closing Logger
