08:35:21.075 [main                     ] DEBUG Logger               - Configured Logger
08:35:21.090 [main                     ] DEBUG GameApplication      - Logging settings
Title: Terminal Coita
Version: 0.1
Width: 800
Height: 450
Fullscreen: false
Intro: false
Profiling: false
Single step:false
App Mode: DEVELOPER
Menu Key: ESCAPE
Stage Style: DECORATED
Scene Factory: class com.almasb.fxgl.app.scene.SceneFactory

08:35:25.977 [JavaFX Application Thread] DEBUG FXGLApplication      - Initializing FXGL
08:35:25.980 [JavaFX Application Thread] INFO  Engine               - FXGL-17.2 (20.08.2022 16.50) on MAC (J:17.0.7 FX:17.0.2-ea)
08:35:25.980 [JavaFX Application Thread] DEBUG Engine               - JRE Vendor Name: Oracle Corporation
08:35:25.980 [JavaFX Application Thread] DEBUG Engine               - Running on OS: Mac OS X version 14.1.1
08:35:25.980 [JavaFX Application Thread] DEBUG Engine               - Architecture: aarch64
08:35:25.980 [JavaFX Application Thread] INFO  Engine               - Source code and latest versions at: https://github.com/AlmasB/FXGL
08:35:25.980 [JavaFX Application Thread] INFO  Engine               -       Ask questions and discuss at: https://github.com/AlmasB/FXGL/discussions
08:35:25.980 [JavaFX Application Thread] INFO  Engine               -              Join the FXGL chat at: https://gitter.im/AlmasB/FXGL
08:35:26.018 [JavaFX Application Thread] DEBUG PrimaryStageWindow   - Creating a JavaFX scene
08:35:26.037 [JavaFX Application Thread] DEBUG PrimaryStageWindow   - Target settings size: 800.0 x 450.0
08:35:26.037 [JavaFX Application Thread] DEBUG PrimaryStageWindow   - Scaled scene size:    800.0 x 450.0
08:35:26.037 [JavaFX Application Thread] DEBUG PrimaryStageWindow   - Scaled ratio: (1.0, 1.0)
08:35:26.037 [JavaFX Application Thread] DEBUG PrimaryStageWindow   - Set initial scene to FXGLStartupScene
08:35:26.040 [JavaFX Application Thread] DEBUG PrimaryStageWindow   - Opening main window
08:35:26.082 [JavaFX Application Thread] DEBUG PrimaryStageWindow   - Window border size: (0.0, 28.0)
08:35:26.083 [JavaFX Application Thread] DEBUG PrimaryStageWindow   - Scaled size: 800.0 x 450.0
08:35:26.083 [JavaFX Application Thread] DEBUG PrimaryStageWindow   - Scaled ratio: (1.0, 1.0)
08:35:26.083 [JavaFX Application Thread] DEBUG PrimaryStageWindow   - Scene size: 800.0 x 450.0
08:35:26.083 [JavaFX Application Thread] DEBUG PrimaryStageWindow   - Stage size: 800.0 x 478.0
08:35:26.086 [FXGL Background Thread 1 ] DEBUG Engine               - Initializing environment variables
08:35:26.100 [FXGL Background Thread 1 ] DEBUG FXGLAssetLoaderServi - User app class for loading assets: class com.example.terminal.Main
08:35:26.100 [FXGL Background Thread 1 ] DEBUG GameApplicationServi - Applying CSS: fxgl_dark.css
08:35:26.101 [FXGL Background Thread 1 ] DEBUG FXGLAssetLoaderServi - Loading from file system: jar:file:///Users/alexpm/.m2/repository/com/github/almasb/fxgl/17.2/fxgl-17.2.jar!/fxglassets/ui/css/fxgl_dark.css
08:35:26.121 [FXGL Background Thread 1 ] DEBUG GameApplicationServi - Initializing application scenes
08:35:26.165 [FXGL Background Thread 1 ] DEBUG GameWorld            - Game world initialized
08:35:26.190 [FXGL Background Thread 1 ] DEBUG PhysicsWorld         - Physics world initialized: appHeight=450, physics.ppm=50.0
08:35:26.191 [FXGL Background Thread 1 ] DEBUG PhysicsWorld         - Using strategy: BRUTE_FORCE
08:35:26.193 [FXGL Background Thread 1 ] DEBUG GameScene            - Game scene initialized: 800x450
08:35:26.198 [FXGL Background Thread 1 ] WARN  FXGL.DefaultMenu     - FXGLDefaultMenu is not designed for resolutions < 800x600
08:35:26.198 [FXGL Background Thread 1 ] DEBUG FXGL.DefaultMenu     - createMenuBodyMainMenu()
08:35:26.206 [FXGL Background Thread 1 ] DEBUG FXGL.DefaultMenu     - createOptionsMenu()
08:35:26.210 [FXGL Background Thread 1 ] DEBUG FXGLAssetLoaderServi - Loading from file system: jar:file:///Users/alexpm/.m2/repository/com/github/almasb/fxgl/17.2/fxgl-17.2.jar!/fxglassets/textures/particles/smoke.png
08:35:26.266 [FXGL Background Thread 1 ] DEBUG FXGLAssetLoaderServi - Loading from file system: jar:file:///Users/alexpm/.m2/repository/com/github/almasb/fxgl/17.2/fxgl-17.2.jar!/fxglassets/textures/particles/trace_horizontal.png
08:35:26.281 [FXGL Background Thread 1 ] WARN  FXGL.DefaultMenu     - FXGLDefaultMenu is not designed for resolutions < 800x600
08:35:26.281 [FXGL Background Thread 1 ] DEBUG FXGL.DefaultMenu     - createMenuBodyGameMenu()
08:35:26.281 [FXGL Background Thread 1 ] DEBUG FXGL.DefaultMenu     - createOptionsMenu()
08:35:26.301 [FXGL Background Thread 1 ] DEBUG GameApplicationServi - Application scenes initialized
08:35:26.307 [FXGL Background Thread 1 ] DEBUG SystemBundleService  - Loading FXGL system data
08:35:26.309 [FXGL Background Thread 1 ] DEBUG FileSystemAccess     - Reading from: /Users/alexpm/Downloads/airport/system/fxgl.bundle
08:35:26.312 [FXGL Background Thread 1 ] DEBUG SystemBundleService  - Bundle FXGL: {}
08:35:26.312 [FXGL Background Thread 1 ] DEBUG UpdaterService       - Checking for updates
08:35:26.314 [FXGL Background Thread 4 ] DEBUG FXGLApplication      - Loading fonts
08:35:26.315 [FXGL Background Thread 1 ] DEBUG FXGLApplication      - Loading default localization
08:35:26.315 [FXGL Background Thread 4 ] DEBUG FXGLAssetLoaderServi - Loading from file system: jar:file:///Users/alexpm/.m2/repository/com/github/almasb/fxgl/17.2/fxgl-17.2.jar!/fxglassets/ui/fonts/VarelaRound-Regular.ttf
08:35:26.315 [FXGL Background Thread 1 ] DEBUG FXGLAssetLoaderServi - Loading from file system: jar:file:///Users/alexpm/.m2/repository/com/github/almasb/fxgl/17.2/fxgl-17.2.jar!/fxglassets/languages/english.lang
08:35:26.321 [FXGL Background Thread 4 ] DEBUG FXGLAssetLoaderServi - Loading from file system: jar:file:///Users/alexpm/.m2/repository/com/github/almasb/fxgl/17.2/fxgl-17.2.jar!/fxglassets/ui/fonts/Abel-Regular.ttf
08:35:26.322 [FXGL Background Thread 1 ] INFO  FXGLApplication      - FXGL initialization took: 0.236 sec
08:35:26.323 [JavaFX Application Thread] DEBUG FXGLAssetLoaderServi - Loading from file system: jar:file:///Users/alexpm/.m2/repository/com/github/almasb/fxgl/17.2/fxgl-17.2.jar!/fxglassets/textures/fxgl_icon.png
08:35:26.323 [FXGL Background Thread 4 ] DEBUG FXGLAssetLoaderServi - Loading from file system: jar:file:///Users/alexpm/.m2/repository/com/github/almasb/fxgl/17.2/fxgl-17.2.jar!/fxglassets/ui/fonts/TerminalLandMono-Regular.otf
08:35:26.325 [FXGL Background Thread 4 ] DEBUG FXGLAssetLoaderServi - Loading from file system: jar:file:///Users/alexpm/.m2/repository/com/github/almasb/fxgl/17.2/fxgl-17.2.jar!/fxglassets/ui/fonts/Courier-Prime.ttf
08:35:26.342 [JavaFX Application Thread] DEBUG FXGLAssetLoaderServi - Loading from file system: jar:file:///Users/alexpm/.m2/repository/com/github/almasb/fxgl/17.2/fxgl-17.2.jar!/fxglassets/textures/fxgl_default_cursor.png
08:35:26.347 [JavaFX Application Thread] DEBUG Input                - Registered new binding: Screenshot - CTRL+8
08:35:26.347 [JavaFX Application Thread] DEBUG Input                - Registered new binding: System info dump - CTRL+9
08:35:26.347 [JavaFX Application Thread] DEBUG Input                - Registered new binding: Restart - CTRL+R
08:35:26.347 [JavaFX Application Thread] DEBUG Input                - Registered new binding: Toggle Debug Camera - CTRL+7
08:35:26.348 [JavaFX Application Thread] DEBUG LoopRunner           - Starting loop
08:35:26.348 [JavaFX Application Thread] DEBUG LoopRunner           - Initializing JavaFX AnimationTimerLoop
08:35:26.349 [JavaFX Application Thread] DEBUG Input                - Clearing active input actions
08:35:26.352 [JavaFX Application Thread] DEBUG GameApplicationServi - Removing overlay from FXGLStartupScene and adding to FXGLMainMenuDummyScene
08:35:26.352 [JavaFX Application Thread] DEBUG PrimaryStageWindow   - FXGLStartupScene -> FXGLMainMenuDummyScene
08:35:26.352 [JavaFX Application Thread] DEBUG PrimaryStageWindow   - Push state: FXGLDefaultMenu
08:35:26.354 [JavaFX Application Thread] DEBUG Input                - Clearing active input actions
08:35:26.358 [JavaFX Application Thread] DEBUG GameApplicationServi - Removing overlay from FXGLMainMenuDummyScene and adding to FXGLDefaultMenu
08:35:26.359 [JavaFX Application Thread] DEBUG PrimaryStageWindow   - FXGLMainMenuDummyScene -> FXGLDefaultMenu
08:35:26.382 [JavaFX Application Thread] DEBUG FXGLApplication      - Registering font factories with UI factory
08:35:26.747 [FXGL Background Thread 2 ] INFO  UpdaterService       - Your current version:  17.2
08:35:26.747 [FXGL Background Thread 2 ] INFO  UpdaterService       - Latest stable version: 17.3
08:35:29.208 [JavaFX Application Thread] DEBUG Menu                 - fireNewGame()
08:35:29.208 [JavaFX Application Thread] DEBUG GameApplicationServi - Starting new game
08:35:29.209 [JavaFX Application Thread] DEBUG PrimaryStageWindow   - Pop state: FXGLDefaultMenu
08:35:29.209 [JavaFX Application Thread] DEBUG Input                - Clearing active input actions
08:35:29.210 [JavaFX Application Thread] DEBUG GameApplicationServi - Removing overlay from FXGLDefaultMenu and adding to FXGLMainMenuDummyScene
08:35:29.210 [JavaFX Application Thread] DEBUG PrimaryStageWindow   - FXGLMainMenuDummyScene <- FXGLDefaultMenu
08:35:29.210 [JavaFX Application Thread] DEBUG Input                - Clearing active input actions
08:35:29.213 [JavaFX Application Thread] DEBUG GameApplicationServi - Removing overlay from FXGLMainMenuDummyScene and adding to FXGLLoadingScene
08:35:29.213 [JavaFX Application Thread] DEBUG PrimaryStageWindow   - FXGLMainMenuDummyScene -> FXGLLoadingScene
08:35:29.213 [JavaFX Application Thread] DEBUG GameApplicationServi - Clearing previous game
08:35:29.213 [JavaFX Application Thread] DEBUG GameScene            - Clearing game scene
08:35:29.213 [JavaFX Application Thread] DEBUG GameWorld            - Clearing game world
08:35:29.213 [JavaFX Application Thread] DEBUG PhysicsWorld         - Clearing physics world
08:35:29.214 [FXGL Background Thread 2 ] DEBUG FXGLApplication      - Initializing game
08:35:29.236 [FXGL Background Thread 2 ] DEBUG FXGLAssetLoaderServi - Loading from file system: file:/Users/alexpm/Downloads/airport/target/classes/assets/textures/vendedor.png
08:35:29.239 [FXGL Background Thread 2 ] DEBUG FXGLAssetLoaderServi - Loading from file system: file:/Users/alexpm/Downloads/airport/target/classes/assets/textures/conductor.png
08:35:29.240 [FXGL Background Thread 2 ] WARN  GameWorld            - Entity is already attached to world
08:35:29.241 [FXGL Background Thread 2 ] DEBUG FXGLAssetLoaderServi - Loading from file system: file:/Users/alexpm/Downloads/airport/target/classes/assets/textures/terminalBG.jpg
08:35:29.250 [FXGL Background Thread 2 ] INFO  FXGLApplication      - Game initialization took: 0.036 sec
08:35:29.250 [JavaFX Application Thread] DEBUG Input                - Clearing active input actions
08:35:29.253 [JavaFX Application Thread] DEBUG GameApplicationServi - Removing overlay from FXGLLoadingScene and adding to GameScene
08:35:29.253 [JavaFX Application Thread] DEBUG PrimaryStageWindow   - FXGLLoadingScene -> GameScene
08:35:29.319 [FXGL Background Thread 3 ] DEBUG Engine               - Logging environment variables
08:35:29.319 [FXGL Background Thread 3 ] DEBUG Engine               - achievements: []
08:35:29.319 [FXGL Background Thread 3 ] DEBUG Engine               - actualHeight: 450.0
08:35:29.320 [FXGL Background Thread 3 ] DEBUG Engine               - actualHeightProperty: ReadOnlyDoubleProperty [value: 450.0]
08:35:29.320 [FXGL Background Thread 3 ] DEBUG Engine               - actualWidth: 800.0
08:35:29.320 [FXGL Background Thread 3 ] DEBUG Engine               - actualWidthProperty: ReadOnlyDoubleProperty [value: 800.0]
08:35:29.320 [FXGL Background Thread 3 ] DEBUG Engine               - appIcon: fxgl_icon.png
08:35:29.320 [FXGL Background Thread 3 ] DEBUG Engine               - applicationMode: DEVELOPER
08:35:29.320 [FXGL Background Thread 3 ] DEBUG Engine               - cSSList: [fxgl_dark.css]
08:35:29.320 [FXGL Background Thread 3 ] DEBUG Engine               - collisionDetectionStrategy: BRUTE_FORCE
08:35:29.320 [FXGL Background Thread 3 ] DEBUG Engine               - configClass: Optional.empty
08:35:29.320 [FXGL Background Thread 3 ] DEBUG Engine               - credits: []
08:35:29.320 [FXGL Background Thread 3 ] DEBUG Engine               - defaultCursor: CursorInfo(imageName=fxgl_default_cursor.png, hotspotX=7.0, hotspotY=6.0)
08:35:29.320 [FXGL Background Thread 3 ] DEBUG Engine               - devBBoxColorProperty: ObjectProperty [value: 0xff0000ff]
08:35:29.320 [FXGL Background Thread 3 ] DEBUG Engine               - devEnableDebugCameraProperty: BooleanProperty [value: false]
08:35:29.320 [FXGL Background Thread 3 ] DEBUG Engine               - devSensorColorProperty: ObjectProperty [value: 0xffff00ff]
08:35:29.320 [FXGL Background Thread 3 ] DEBUG Engine               - devShowBBoxProperty: BooleanProperty [value: false]
08:35:29.320 [FXGL Background Thread 3 ] DEBUG Engine               - devShowPositionProperty: BooleanProperty [value: false]
08:35:29.320 [FXGL Background Thread 3 ] DEBUG Engine               - enabledMenuItems: []
08:35:29.320 [FXGL Background Thread 3 ] DEBUG Engine               - engineServices: [class com.almasb.fxgl.app.services.FXGLAssetLoaderService, class com.almasb.fxgl.app.FXGLApplication$GameApplicationService, class com.almasb.fxgl.app.services.FXGLDialogService, class com.almasb.fxgl.app.services.IOTaskExecutorService, class com.almasb.fxgl.io.FileSystemService, class com.almasb.fxgl.localization.LocalizationService, class com.almasb.fxgl.app.services.SystemBundleService, class com.almasb.fxgl.profile.SaveLoadService, class com.almasb.fxgl.ui.FXGLUIFactoryServiceProvider, class com.almasb.fxgl.ui.FXGLDialogFactoryServiceProvider, class com.almasb.fxgl.audio.AudioPlayer, class com.almasb.fxgl.notification.impl.NotificationServiceProvider, class com.almasb.fxgl.achievement.AchievementService, class com.almasb.fxgl.cutscene.CutsceneService, class com.almasb.fxgl.minigames.MiniGameService, class com.almasb.fxgl.net.NetService, class com.almasb.fxgl.app.services.UpdaterService, class com.almasb.fxgl.dev.DevService]
08:35:29.320 [FXGL Background Thread 3 ] DEBUG Engine               - fontGame: Abel-Regular.ttf
08:35:29.320 [FXGL Background Thread 3 ] DEBUG Engine               - fontMono: TerminalLandMono-Regular.otf
08:35:29.320 [FXGL Background Thread 3 ] DEBUG Engine               - fontText: Courier-Prime.ttf
08:35:29.320 [FXGL Background Thread 3 ] DEBUG Engine               - fontUI: VarelaRound-Regular.ttf
08:35:29.320 [FXGL Background Thread 3 ] DEBUG Engine               - fullScreen: BooleanProperty [value: false]
08:35:29.320 [FXGL Background Thread 3 ] DEBUG Engine               - gameDifficulty: MEDIUM
08:35:29.321 [FXGL Background Thread 3 ] DEBUG Engine               - gameDifficultyProperty: ObjectProperty [value: MEDIUM]
08:35:29.321 [FXGL Background Thread 3 ] DEBUG Engine               - globalMusicVolume: 0.5
08:35:29.321 [FXGL Background Thread 3 ] DEBUG Engine               - globalMusicVolumeProperty: DoubleProperty [value: 0.5]
08:35:29.321 [FXGL Background Thread 3 ] DEBUG Engine               - globalSoundVolume: 0.5
08:35:29.321 [FXGL Background Thread 3 ] DEBUG Engine               - globalSoundVolumeProperty: DoubleProperty [value: 0.5]
08:35:29.321 [FXGL Background Thread 3 ] DEBUG Engine               - height: 450
08:35:29.321 [FXGL Background Thread 3 ] DEBUG Engine               - is3D: false
08:35:29.321 [FXGL Background Thread 3 ] DEBUG Engine               - isAndroid: false
08:35:29.321 [FXGL Background Thread 3 ] DEBUG Engine               - isBrowser: false
08:35:29.321 [FXGL Background Thread 3 ] DEBUG Engine               - isClickFeedbackEnabled: false
08:35:29.321 [FXGL Background Thread 3 ] DEBUG Engine               - isCloseConfirmation: false
08:35:29.321 [FXGL Background Thread 3 ] DEBUG Engine               - isDesktop: true
08:35:29.321 [FXGL Background Thread 3 ] DEBUG Engine               - isDeveloperMenuEnabled: false
08:35:29.321 [FXGL Background Thread 3 ] DEBUG Engine               - isEmbedded: false
08:35:29.321 [FXGL Background Thread 3 ] DEBUG Engine               - isEntityPreloadEnabled: true
08:35:29.321 [FXGL Background Thread 3 ] DEBUG Engine               - isExperimentalTiledLargeMap: false
08:35:29.321 [FXGL Background Thread 3 ] DEBUG Engine               - isFileSystemWriteAllowed: true
08:35:29.321 [FXGL Background Thread 3 ] DEBUG Engine               - isFullScreenAllowed: false
08:35:29.321 [FXGL Background Thread 3 ] DEBUG Engine               - isFullScreenFromStart: false
08:35:29.321 [FXGL Background Thread 3 ] DEBUG Engine               - isGameMenuEnabled: true
08:35:29.321 [FXGL Background Thread 3 ] DEBUG Engine               - isIOS: false
08:35:29.321 [FXGL Background Thread 3 ] DEBUG Engine               - isIntroEnabled: false
08:35:29.321 [FXGL Background Thread 3 ] DEBUG Engine               - isLinux: false
08:35:29.321 [FXGL Background Thread 3 ] DEBUG Engine               - isMac: true
08:35:29.321 [FXGL Background Thread 3 ] DEBUG Engine               - isMainMenuEnabled: true
08:35:29.321 [FXGL Background Thread 3 ] DEBUG Engine               - isManualResizeEnabled: false
08:35:29.321 [FXGL Background Thread 3 ] DEBUG Engine               - isMobile: false
08:35:29.321 [FXGL Background Thread 3 ] DEBUG Engine               - isNative: false
08:35:29.321 [FXGL Background Thread 3 ] DEBUG Engine               - isPauseMusicWhenMinimized: true
08:35:29.321 [FXGL Background Thread 3 ] DEBUG Engine               - isPreserveResizeRatio: false
08:35:29.321 [FXGL Background Thread 3 ] DEBUG Engine               - isProfilingEnabled: false
08:35:29.321 [FXGL Background Thread 3 ] DEBUG Engine               - isScaleAffectedOnResize: true
08:35:29.321 [FXGL Background Thread 3 ] DEBUG Engine               - isSingleStep: false
08:35:29.322 [FXGL Background Thread 3 ] DEBUG Engine               - isUserProfileEnabled: false
08:35:29.322 [FXGL Background Thread 3 ] DEBUG Engine               - isWindows: false
08:35:29.322 [FXGL Background Thread 3 ] DEBUG Engine               - language: ObjectProperty [value: ENGLISH]
08:35:29.322 [FXGL Background Thread 3 ] DEBUG Engine               - menuKey: ESCAPE
08:35:29.322 [FXGL Background Thread 3 ] DEBUG Engine               - mouseSensitivity: 0.2
08:35:29.322 [FXGL Background Thread 3 ] DEBUG Engine               - notificationViewClass: class com.almasb.fxgl.notification.view.XboxNotificationView
08:35:29.322 [FXGL Background Thread 3 ] DEBUG Engine               - pixelsPerMeter: 50.0
08:35:29.322 [FXGL Background Thread 3 ] DEBUG Engine               - platform: MAC
08:35:29.322 [FXGL Background Thread 3 ] DEBUG Engine               - prefHeightProperty: ReadOnlyDoubleProperty [value: 450.0]
08:35:29.322 [FXGL Background Thread 3 ] DEBUG Engine               - prefWidthProperty: ReadOnlyDoubleProperty [value: 800.0]
08:35:29.322 [FXGL Background Thread 3 ] DEBUG Engine               - profileDir: profiles/
08:35:29.322 [FXGL Background Thread 3 ] DEBUG Engine               - profileName: StringProperty [value: DEFAULT]
08:35:29.322 [FXGL Background Thread 3 ] DEBUG Engine               - randomSeed: -1
08:35:29.322 [FXGL Background Thread 3 ] DEBUG Engine               - runtimeInfo: RuntimeInfo(platform=MAC, version=17.2, build=20.08.2022 16.50)
08:35:29.322 [FXGL Background Thread 3 ] DEBUG Engine               - saveFileExt: sav
08:35:29.322 [FXGL Background Thread 3 ] DEBUG Engine               - scaledHeightProp$fxgl: DoubleProperty [bound, value: 450.0]
08:35:29.322 [FXGL Background Thread 3 ] DEBUG Engine               - scaledWidthProp$fxgl: DoubleProperty [bound, value: 800.0]
08:35:29.322 [FXGL Background Thread 3 ] DEBUG Engine               - sceneFactory: com.almasb.fxgl.app.scene.SceneFactory@ab91e52
08:35:29.322 [FXGL Background Thread 3 ] DEBUG Engine               - secondsIn24h: 60
08:35:29.322 [FXGL Background Thread 3 ] DEBUG Engine               - soundMenuBack: menu/back.wav
08:35:29.322 [FXGL Background Thread 3 ] DEBUG Engine               - soundMenuPress: menu/press.wav
08:35:29.322 [FXGL Background Thread 3 ] DEBUG Engine               - soundMenuSelect: menu/select.wav
08:35:29.322 [FXGL Background Thread 3 ] DEBUG Engine               - soundNotification: core/notification.wav
08:35:29.322 [FXGL Background Thread 3 ] DEBUG Engine               - stageStyle: DECORATED
08:35:29.322 [FXGL Background Thread 3 ] DEBUG Engine               - supportedLanguages: [ENGLISH, FRENCH, GERMAN, HUNGARIAN, RUSSIAN]
08:35:29.322 [FXGL Background Thread 3 ] DEBUG Engine               - ticksPerSecond: -1
08:35:29.322 [FXGL Background Thread 3 ] DEBUG Engine               - title: Terminal Coita
08:35:29.322 [FXGL Background Thread 3 ] DEBUG Engine               - urlGithub: https://github.com/AlmasB/FXGL
08:35:29.322 [FXGL Background Thread 3 ] DEBUG Engine               - urlLeaderboard: http://fxgl-top.herokuapp.com/
08:35:29.322 [FXGL Background Thread 3 ] DEBUG Engine               - urlPOM: https://raw.githubusercontent.com/AlmasB/FXGL/release/README.md
08:35:29.322 [FXGL Background Thread 3 ] DEBUG Engine               - userAppClass: class com.example.terminal.Main
08:35:29.322 [FXGL Background Thread 3 ] DEBUG Engine               - version: 0.1
08:35:29.322 [FXGL Background Thread 3 ] DEBUG Engine               - versionCheckDays: 7
08:35:29.323 [FXGL Background Thread 3 ] DEBUG Engine               - width: 800
08:35:29.323 [FXGL Background Thread 3 ] DEBUG Engine               - Logging services
08:35:29.323 [FXGL Background Thread 3 ] DEBUG Engine               - class com.almasb.fxgl.app.services.FXGLAssetLoaderService
08:35:29.323 [FXGL Background Thread 3 ] DEBUG Engine               - class com.almasb.fxgl.app.FXGLApplication$GameApplicationService
08:35:29.323 [FXGL Background Thread 3 ] DEBUG Engine               - class com.almasb.fxgl.app.services.FXGLDialogService
08:35:29.323 [FXGL Background Thread 3 ] DEBUG Engine               - class com.almasb.fxgl.app.services.IOTaskExecutorService
08:35:29.323 [FXGL Background Thread 3 ] DEBUG Engine               - class com.almasb.fxgl.io.FileSystemService
08:35:29.323 [FXGL Background Thread 3 ] DEBUG Engine               - class com.almasb.fxgl.localization.LocalizationService
08:35:29.323 [FXGL Background Thread 3 ] DEBUG Engine               - class com.almasb.fxgl.app.services.SystemBundleService
08:35:29.323 [FXGL Background Thread 3 ] DEBUG Engine               - class com.almasb.fxgl.profile.SaveLoadService
08:35:29.323 [FXGL Background Thread 3 ] DEBUG Engine               - class com.almasb.fxgl.ui.FXGLUIFactoryServiceProvider
08:35:29.323 [FXGL Background Thread 3 ] DEBUG Engine               - class com.almasb.fxgl.ui.FXGLDialogFactoryServiceProvider
08:35:29.323 [FXGL Background Thread 3 ] DEBUG Engine               - class com.almasb.fxgl.audio.AudioPlayer
08:35:29.323 [FXGL Background Thread 3 ] DEBUG Engine               - class com.almasb.fxgl.notification.impl.NotificationServiceProvider
08:35:29.323 [FXGL Background Thread 3 ] DEBUG Engine               - class com.almasb.fxgl.achievement.AchievementService
08:35:29.323 [FXGL Background Thread 3 ] DEBUG Engine               - class com.almasb.fxgl.cutscene.CutsceneService
08:35:29.323 [FXGL Background Thread 3 ] DEBUG Engine               - class com.almasb.fxgl.minigames.MiniGameService
08:35:29.323 [FXGL Background Thread 3 ] DEBUG Engine               - class com.almasb.fxgl.net.NetService
08:35:29.323 [FXGL Background Thread 3 ] DEBUG Engine               - class com.almasb.fxgl.app.services.UpdaterService
08:35:29.323 [FXGL Background Thread 3 ] DEBUG Engine               - class com.almasb.fxgl.dev.DevService
08:35:31.965 [JavaFX Application Thread] DEBUG FXGLAssetLoaderServi - Loading from file system: file:/Users/alexpm/Downloads/airport/target/classes/assets/textures/person.png
08:35:31.970 [JavaFX Application Thread] WARN  GameWorld            - Entity is already attached to world
08:35:32.702 [JavaFX Application Thread] WARN  GameWorld            - Entity is already attached to world
08:35:34.376 [JavaFX Application Thread] WARN  GameWorld            - Entity is already attached to world
08:35:35.412 [JavaFX Application Thread] WARN  GameWorld            - Entity is already attached to world
08:35:35.632 [JavaFX Application Thread] WARN  GameWorld            - Entity is already attached to world
08:35:37.489 [JavaFX Application Thread] WARN  GameWorld            - Entity is already attached to world
08:35:38.650 [JavaFX Application Thread] WARN  GameWorld            - Entity is already attached to world
08:35:40.033 [JavaFX Application Thread] WARN  GameWorld            - Entity is already attached to world
08:35:41.235 [JavaFX Application Thread] WARN  GameWorld            - Entity is already attached to world
08:35:42.312 [JavaFX Application Thread] WARN  GameWorld            - Entity is already attached to world
08:35:42.889 [JavaFX Application Thread] WARN  GameWorld            - Entity is already attached to world
08:35:43.250 [JavaFX Application Thread] WARN  GameWorld            - Entity is already attached to world
08:35:45.014 [JavaFX Application Thread] WARN  GameWorld            - Entity is already attached to world
08:35:45.089 [JavaFX Application Thread] WARN  GameWorld            - Entity is already attached to world
08:35:46.732 [JavaFX Application Thread] WARN  GameWorld            - Entity is already attached to world
08:35:46.865 [JavaFX Application Thread] WARN  GameWorld            - Entity is already attached to world
08:35:47.280 [JavaFX Application Thread] WARN  GameWorld            - Entity is already attached to world
08:35:49.420 [JavaFX Application Thread] WARN  GameWorld            - Entity is already attached to world
08:35:49.775 [JavaFX Application Thread] WARN  GameWorld            - Entity is already attached to world
08:35:51.838 [JavaFX Application Thread] WARN  GameWorld            - Entity is already attached to world
08:35:51.873 [JavaFX Application Thread] WARN  GameWorld            - Entity is already attached to world
08:35:53.596 [JavaFX Application Thread] WARN  GameWorld            - Entity is already attached to world
08:35:53.659 [JavaFX Application Thread] WARN  GameWorld            - Entity is already attached to world
08:35:56.362 [JavaFX Application Thread] WARN  GameWorld            - Entity is already attached to world
08:35:57.223 [JavaFX Application Thread] WARN  GameWorld            - Entity is already attached to world
08:35:57.806 [JavaFX Application Thread] WARN  GameWorld            - Entity is already attached to world
08:35:58.133 [JavaFX Application Thread] WARN  GameWorld            - Entity is already attached to world
08:35:58.453 [JavaFX Application Thread] WARN  GameWorld            - Entity is already attached to world
08:35:59.419 [JavaFX Application Thread] WARN  GameWorld            - Entity is already attached to world
08:36:00.969 [JavaFX Application Thread] WARN  GameWorld            - Entity is already attached to world
08:36:02.434 [JavaFX Application Thread] WARN  GameWorld            - Entity is already attached to world
08:36:03.887 [JavaFX Application Thread] WARN  GameWorld            - Entity is already attached to world
08:36:05.262 [JavaFX Application Thread] WARN  GameWorld            - Entity is already attached to world
08:36:05.332 [JavaFX Application Thread] WARN  GameWorld            - Entity is already attached to world
08:36:06.734 [JavaFX Application Thread] WARN  GameWorld            - Entity is already attached to world
08:36:06.999 [JavaFX Application Thread] WARN  GameWorld            - Entity is already attached to world
08:36:08.549 [JavaFX Application Thread] WARN  GameWorld            - Entity is already attached to world
08:36:09.217 [JavaFX Application Thread] WARN  GameWorld            - Entity is already attached to world
08:36:10.537 [JavaFX Application Thread] WARN  GameWorld            - Entity is already attached to world
08:36:10.634 [JavaFX Application Thread] WARN  GameWorld            - Entity is already attached to world
08:36:12.364 [JavaFX Application Thread] WARN  GameWorld            - Entity is already attached to world
08:36:14.275 [JavaFX Application Thread] WARN  GameWorld            - Entity is already attached to world
08:36:14.713 [JavaFX Application Thread] WARN  GameWorld            - Entity is already attached to world
08:36:17.068 [JavaFX Application Thread] WARN  GameWorld            - Entity is already attached to world
08:36:17.179 [JavaFX Application Thread] WARN  GameWorld            - Entity is already attached to world
08:36:17.464 [JavaFX Application Thread] WARN  GameWorld            - Entity is already attached to world
08:36:18.153 [JavaFX Application Thread] WARN  GameWorld            - Entity is already attached to world
08:36:19.994 [JavaFX Application Thread] WARN  GameWorld            - Entity is already attached to world
08:36:21.536 [JavaFX Application Thread] WARN  GameWorld            - Entity is already attached to world
08:36:21.581 [JavaFX Application Thread] DEBUG FXGLApplication      - Exiting FXGL
08:36:21.582 [JavaFX Application Thread] DEBUG LoopRunner           - Stopping loop
08:36:21.582 [JavaFX Application Thread] DEBUG SystemBundleService  - Saving FXGL system data
08:36:21.586 [JavaFX Application Thread] DEBUG FileSystemAccess     - Writing to: /Users/alexpm/Downloads/airport/system/fxgl.bundle
08:36:21.589 [JavaFX Application Thread] DEBUG Async                - Shutting down background threads
08:36:21.589 [JavaFX Application Thread] DEBUG PrimaryStageWindow   - Closing main window
08:36:21.600 [JavaFX Application Thread] DEBUG Logger               - Closing Logger
